INFO - 2022-06-28 00:29:31 --> Used the default controller.
INFO - 2022-06-28 00:38:41 --> Used the default controller.
INFO - 2022-06-28 01:15:11 --> Used the default controller.
INFO - 2022-06-28 02:39:02 --> Used the default controller.
INFO - 2022-06-28 02:39:03 --> Used the default controller.
INFO - 2022-06-28 02:44:48 --> Used the default controller.
INFO - 2022-06-28 02:50:31 --> Used the default controller.
INFO - 2022-06-28 04:13:39 --> Used the default controller.
INFO - 2022-06-28 04:41:25 --> Used the default controller.
INFO - 2022-06-28 05:43:24 --> Used the default controller.
INFO - 2022-06-28 05:56:34 --> Used the default controller.
INFO - 2022-06-28 06:05:39 --> Used the default controller.
INFO - 2022-06-28 07:14:35 --> Used the default controller.
INFO - 2022-06-28 07:16:57 --> Used the default controller.
INFO - 2022-06-28 07:16:59 --> Used the default controller.
INFO - 2022-06-28 07:30:24 --> Used the default controller.
INFO - 2022-06-28 07:43:47 --> Used the default controller.
INFO - 2022-06-28 08:44:24 --> Used the default controller.
INFO - 2022-06-28 08:54:16 --> Used the default controller.
ERROR - 2022-06-28 09:45:53 --> Expression #1 of SELECT list is not in GROUP BY clause and contains nonaggregated column 'squill_app.address.id' which is not functionally dependent on columns in GROUP BY clause; this is incompatible with sql_mode=only_full_group_by
ERROR - 2022-06-28 09:45:53 --> Expression #2 of SELECT list is not in GROUP BY clause and contains nonaggregated column 'squill_app.booking.users_id' which is not functionally dependent on columns in GROUP BY clause; this is incompatible with sql_mode=only_full_group_by
ERROR - 2022-06-28 09:45:53 --> Expression #4 of SELECT list is not in GROUP BY clause and contains nonaggregated column 'squill_app.users.fcm_token' which is not functionally dependent on columns in GROUP BY clause; this is incompatible with sql_mode=only_full_group_by
ERROR - 2022-06-28 09:45:54 --> Expression #1 of SELECT list is not in GROUP BY clause and contains nonaggregated column 'squill_app.address.id' which is not functionally dependent on columns in GROUP BY clause; this is incompatible with sql_mode=only_full_group_by
ERROR - 2022-06-28 09:45:55 --> Expression #1 of SELECT list is not in GROUP BY clause and contains nonaggregated column 'squill_app.sp_location.city' which is not functionally dependent on columns in GROUP BY clause; this is incompatible with sql_mode=only_full_group_by
ERROR - 2022-06-28 09:46:08 --> Expression #1 of SELECT list is not in GROUP BY clause and contains nonaggregated column 'squill_app.address.id' which is not functionally dependent on columns in GROUP BY clause; this is incompatible with sql_mode=only_full_group_by
INFO - 2022-06-28 10:14:28 --> Used the default controller.
INFO - 2022-06-28 10:17:41 --> Used the default controller.
INFO - 2022-06-28 11:42:50 --> Used the default controller.
INFO - 2022-06-28 12:02:43 --> Used the default controller.
INFO - 2022-06-28 13:15:39 --> Used the default controller.
INFO - 2022-06-28 13:34:56 --> Used the default controller.
INFO - 2022-06-28 13:35:04 --> Used the default controller.
INFO - 2022-06-28 13:49:40 --> Used the default controller.
INFO - 2022-06-28 14:44:55 --> Used the default controller.
INFO - 2022-06-28 15:24:46 --> Used the default controller.
INFO - 2022-06-28 16:14:48 --> Used the default controller.
INFO - 2022-06-28 16:59:31 --> Used the default controller.
INFO - 2022-06-28 17:44:51 --> Used the default controller.
INFO - 2022-06-28 18:35:44 --> Used the default controller.
INFO - 2022-06-28 19:14:43 --> Used the default controller.
INFO - 2022-06-28 19:42:53 --> Used the default controller.
INFO - 2022-06-28 20:09:36 --> Used the default controller.
INFO - 2022-06-28 20:19:27 --> Used the default controller.
INFO - 2022-06-28 20:19:29 --> Used the default controller.
INFO - 2022-06-28 20:19:30 --> Used the default controller.
INFO - 2022-06-28 20:19:32 --> Used the default controller.
INFO - 2022-06-28 20:19:33 --> Used the default controller.
INFO - 2022-06-28 20:19:34 --> Used the default controller.
INFO - 2022-06-28 20:41:51 --> Used the default controller.
INFO - 2022-06-28 20:41:53 --> Used the default controller.
INFO - 2022-06-28 20:45:16 --> Used the default controller.
INFO - 2022-06-28 21:44:56 --> Used the default controller.
INFO - 2022-06-28 22:15:08 --> Used the default controller.
INFO - 2022-06-28 22:20:53 --> Used the default controller.
INFO - 2022-06-28 22:20:53 --> Used the default controller.
INFO - 2022-06-28 22:20:53 --> Used the default controller.
INFO - 2022-06-28 23:04:56 --> Used the default controller.
INFO - 2022-06-28 23:04:57 --> Used the default controller.
INFO - 2022-06-28 23:18:47 --> Used the default controller.
INFO - 2022-06-28 23:44:34 --> Used the default controller.
INFO - 2022-06-28 23:56:36 --> Used the default controller.
