INFO - 2022-05-13 00:10:52 --> Used the default controller.
INFO - 2022-05-13 01:08:33 --> Used the default controller.
INFO - 2022-05-13 01:40:39 --> Used the default controller.
INFO - 2022-05-13 02:16:07 --> Used the default controller.
INFO - 2022-05-13 02:37:10 --> Used the default controller.
INFO - 2022-05-13 03:10:06 --> Used the default controller.
INFO - 2022-05-13 04:08:19 --> Used the default controller.
INFO - 2022-05-13 04:38:29 --> Used the default controller.
INFO - 2022-05-13 05:15:53 --> Used the default controller.
INFO - 2022-05-13 05:36:48 --> Used the default controller.
INFO - 2022-05-13 06:06:49 --> Used the default controller.
INFO - 2022-05-13 06:45:43 --> Used the default controller.
INFO - 2022-05-13 06:45:45 --> Used the default controller.
INFO - 2022-05-13 07:34:34 --> Used the default controller.
INFO - 2022-05-13 08:16:40 --> Used the default controller.
INFO - 2022-05-13 08:38:09 --> Used the default controller.
INFO - 2022-05-13 09:02:10 --> Used the default controller.
INFO - 2022-05-13 09:38:56 --> Used the default controller.
INFO - 2022-05-13 10:08:46 --> Used the default controller.
INFO - 2022-05-13 10:29:46 --> Used the default controller.
INFO - 2022-05-13 10:44:55 --> Used the default controller.
INFO - 2022-05-13 11:16:41 --> Used the default controller.
INFO - 2022-05-13 11:38:00 --> Used the default controller.
INFO - 2022-05-13 11:39:34 --> Used the default controller.
ERROR - 2022-05-13 12:08:18 --> Error connecting to the database: No such file or directory
ERROR - 2022-05-13 12:08:18 --> Error connecting to the database: No such file or directory
ERROR - 2022-05-13 12:08:18 --> Error connecting to the database: No such file or directory
ERROR - 2022-05-13 12:08:18 --> Error connecting to the database: No such file or directory
ERROR - 2022-05-13 12:08:18 --> Error connecting to the database: No such file or directory
ERROR - 2022-05-13 12:08:18 --> Error connecting to the database: No such file or directory
ERROR - 2022-05-13 12:08:18 --> Error connecting to the database: No such file or directory
ERROR - 2022-05-13 12:08:18 --> Error connecting to the database: No such file or directory
ERROR - 2022-05-13 12:08:18 --> Error connecting to the database: No such file or directory
ERROR - 2022-05-13 12:08:18 --> Error connecting to the database: No such file or directory
ERROR - 2022-05-13 12:08:18 --> Error connecting to the database: No such file or directory
ERROR - 2022-05-13 12:08:18 --> Error connecting to the database: No such file or directory
ERROR - 2022-05-13 12:08:18 --> Error connecting to the database: No such file or directory
ERROR - 2022-05-13 12:08:18 --> Error connecting to the database: No such file or directory
ERROR - 2022-05-13 12:08:18 --> Error connecting to the database: No such file or directory
ERROR - 2022-05-13 12:08:18 --> Error connecting to the database: No such file or directory
ERROR - 2022-05-13 12:08:18 --> Error connecting to the database: No such file or directory
ERROR - 2022-05-13 12:08:18 --> Error connecting to the database: No such file or directory
ERROR - 2022-05-13 12:08:18 --> Error connecting to the database: No such file or directory
ERROR - 2022-05-13 12:08:18 --> Error connecting to the database: No such file or directory
ERROR - 2022-05-13 12:08:18 --> Error connecting to the database: No such file or directory
ERROR - 2022-05-13 12:08:18 --> Error connecting to the database: No such file or directory
ERROR - 2022-05-13 12:08:18 --> Error connecting to the database: No such file or directory
ERROR - 2022-05-13 12:08:18 --> Error connecting to the database: No such file or directory
ERROR - 2022-05-13 12:08:18 --> Error connecting to the database: No such file or directory
ERROR - 2022-05-13 12:08:18 --> Error connecting to the database: No such file or directory
ERROR - 2022-05-13 12:08:18 --> Error connecting to the database: No such file or directory
ERROR - 2022-05-13 12:08:18 --> Error connecting to the database: No such file or directory
ERROR - 2022-05-13 12:08:18 --> Error connecting to the database: No such file or directory
ERROR - 2022-05-13 12:08:18 --> Error connecting to the database: No such file or directory
ERROR - 2022-05-13 12:08:18 --> Error connecting to the database: No such file or directory
ERROR - 2022-05-13 12:08:18 --> Error connecting to the database: No such file or directory
ERROR - 2022-05-13 12:08:18 --> Error connecting to the database: No such file or directory
ERROR - 2022-05-13 12:08:18 --> Error connecting to the database: No such file or directory
ERROR - 2022-05-13 12:08:18 --> Error connecting to the database: No such file or directory
ERROR - 2022-05-13 12:08:18 --> Error connecting to the database: No such file or directory
ERROR - 2022-05-13 12:08:18 --> Error connecting to the database: No such file or directory
ERROR - 2022-05-13 12:08:18 --> Error connecting to the database: No such file or directory
ERROR - 2022-05-13 12:08:18 --> Error connecting to the database: No such file or directory
ERROR - 2022-05-13 12:08:18 --> Error connecting to the database: No such file or directory
ERROR - 2022-05-13 12:08:18 --> Error connecting to the database: No such file or directory
ERROR - 2022-05-13 12:08:18 --> Error connecting to the database: No such file or directory
ERROR - 2022-05-13 12:08:18 --> Error connecting to the database: No such file or directory
ERROR - 2022-05-13 12:08:18 --> Error connecting to the database: No such file or directory
ERROR - 2022-05-13 12:08:18 --> Error connecting to the database: No such file or directory
ERROR - 2022-05-13 12:08:18 --> Error connecting to the database: No such file or directory
ERROR - 2022-05-13 12:08:18 --> Error connecting to the database: No such file or directory
ERROR - 2022-05-13 12:08:18 --> Error connecting to the database: No such file or directory
ERROR - 2022-05-13 12:08:18 --> Error connecting to the database: No such file or directory
ERROR - 2022-05-13 12:08:18 --> Error connecting to the database: No such file or directory
ERROR - 2022-05-13 12:08:18 --> Error connecting to the database: No such file or directory
ERROR - 2022-05-13 12:08:18 --> Error connecting to the database: No such file or directory
ERROR - 2022-05-13 12:08:18 --> Error connecting to the database: No such file or directory
ERROR - 2022-05-13 12:08:19 --> Error connecting to the database: No such file or directory
ERROR - 2022-05-13 12:08:19 --> Error connecting to the database: No such file or directory
ERROR - 2022-05-13 12:08:19 --> Error connecting to the database: No such file or directory
ERROR - 2022-05-13 12:08:19 --> Error connecting to the database: No such file or directory
ERROR - 2022-05-13 12:08:19 --> Error connecting to the database: No such file or directory
ERROR - 2022-05-13 12:08:19 --> Error connecting to the database: No such file or directory
ERROR - 2022-05-13 12:08:19 --> Error connecting to the database: No such file or directory
ERROR - 2022-05-13 12:08:42 --> Error connecting to the database: No such file or directory
ERROR - 2022-05-13 12:08:42 --> Error connecting to the database: No such file or directory
ERROR - 2022-05-13 12:08:42 --> Error connecting to the database: No such file or directory
ERROR - 2022-05-13 12:08:42 --> Error connecting to the database: No such file or directory
ERROR - 2022-05-13 12:08:42 --> Error connecting to the database: No such file or directory
ERROR - 2022-05-13 12:08:42 --> Error connecting to the database: No such file or directory
ERROR - 2022-05-13 12:08:42 --> Error connecting to the database: No such file or directory
ERROR - 2022-05-13 12:08:42 --> Error connecting to the database: No such file or directory
ERROR - 2022-05-13 12:08:43 --> Error connecting to the database: No such file or directory
ERROR - 2022-05-13 12:08:43 --> Error connecting to the database: No such file or directory
ERROR - 2022-05-13 12:08:43 --> Error connecting to the database: No such file or directory
ERROR - 2022-05-13 12:08:43 --> Error connecting to the database: No such file or directory
ERROR - 2022-05-13 12:08:43 --> Error connecting to the database: No such file or directory
ERROR - 2022-05-13 12:08:43 --> Error connecting to the database: No such file or directory
ERROR - 2022-05-13 12:08:43 --> Error connecting to the database: No such file or directory
ERROR - 2022-05-13 12:08:43 --> Error connecting to the database: No such file or directory
ERROR - 2022-05-13 12:08:43 --> Error connecting to the database: No such file or directory
ERROR - 2022-05-13 12:08:43 --> Error connecting to the database: No such file or directory
ERROR - 2022-05-13 12:08:43 --> Error connecting to the database: No such file or directory
ERROR - 2022-05-13 12:08:43 --> Error connecting to the database: No such file or directory
ERROR - 2022-05-13 12:08:43 --> Error connecting to the database: No such file or directory
ERROR - 2022-05-13 12:08:43 --> Error connecting to the database: No such file or directory
ERROR - 2022-05-13 12:08:43 --> Error connecting to the database: No such file or directory
ERROR - 2022-05-13 12:08:43 --> Error connecting to the database: No such file or directory
ERROR - 2022-05-13 12:08:43 --> Error connecting to the database: No such file or directory
ERROR - 2022-05-13 12:08:43 --> Error connecting to the database: No such file or directory
ERROR - 2022-05-13 12:08:43 --> Error connecting to the database: No such file or directory
ERROR - 2022-05-13 12:08:43 --> Error connecting to the database: No such file or directory
ERROR - 2022-05-13 12:08:43 --> Error connecting to the database: No such file or directory
ERROR - 2022-05-13 12:08:43 --> Error connecting to the database: No such file or directory
ERROR - 2022-05-13 12:08:43 --> Error connecting to the database: No such file or directory
ERROR - 2022-05-13 12:08:43 --> Error connecting to the database: No such file or directory
ERROR - 2022-05-13 12:08:43 --> Error connecting to the database: No such file or directory
ERROR - 2022-05-13 12:08:43 --> Error connecting to the database: No such file or directory
ERROR - 2022-05-13 12:08:43 --> Error connecting to the database: No such file or directory
ERROR - 2022-05-13 12:08:43 --> Error connecting to the database: No such file or directory
ERROR - 2022-05-13 12:08:43 --> Error connecting to the database: No such file or directory
ERROR - 2022-05-13 12:08:43 --> Error connecting to the database: No such file or directory
ERROR - 2022-05-13 12:08:43 --> Error connecting to the database: No such file or directory
ERROR - 2022-05-13 12:08:43 --> Error connecting to the database: No such file or directory
ERROR - 2022-05-13 12:08:43 --> Error connecting to the database: No such file or directory
ERROR - 2022-05-13 12:08:43 --> Error connecting to the database: No such file or directory
ERROR - 2022-05-13 12:08:43 --> Error connecting to the database: No such file or directory
ERROR - 2022-05-13 12:08:43 --> Error connecting to the database: No such file or directory
ERROR - 2022-05-13 12:08:43 --> Error connecting to the database: No such file or directory
ERROR - 2022-05-13 12:08:43 --> Error connecting to the database: No such file or directory
ERROR - 2022-05-13 12:08:43 --> Error connecting to the database: No such file or directory
ERROR - 2022-05-13 12:08:43 --> Error connecting to the database: No such file or directory
ERROR - 2022-05-13 12:08:43 --> Error connecting to the database: No such file or directory
ERROR - 2022-05-13 12:08:43 --> Error connecting to the database: No such file or directory
ERROR - 2022-05-13 12:08:43 --> Error connecting to the database: No such file or directory
ERROR - 2022-05-13 12:08:43 --> Error connecting to the database: No such file or directory
ERROR - 2022-05-13 12:08:43 --> Error connecting to the database: No such file or directory
ERROR - 2022-05-13 12:08:43 --> Error connecting to the database: No such file or directory
INFO - 2022-05-13 12:46:47 --> Used the default controller.
INFO - 2022-05-13 13:08:39 --> Used the default controller.
ERROR - 2022-05-13 13:25:52 --> Expression #1 of SELECT list is not in GROUP BY clause and contains nonaggregated column 'squill_app.address.id' which is not functionally dependent on columns in GROUP BY clause; this is incompatible with sql_mode=only_full_group_by
ERROR - 2022-05-13 13:25:52 --> Expression #1 of SELECT list is not in GROUP BY clause and contains nonaggregated column 'squill_app.address.id' which is not functionally dependent on columns in GROUP BY clause; this is incompatible with sql_mode=only_full_group_by
ERROR - 2022-05-13 13:26:04 --> Expression #1 of SELECT list is not in GROUP BY clause and contains nonaggregated column 'squill_app.address.id' which is not functionally dependent on columns in GROUP BY clause; this is incompatible with sql_mode=only_full_group_by
ERROR - 2022-05-13 13:26:07 --> Expression #1 of SELECT list is not in GROUP BY clause and contains nonaggregated column 'squill_app.address.id' which is not functionally dependent on columns in GROUP BY clause; this is incompatible with sql_mode=only_full_group_by
ERROR - 2022-05-13 13:26:09 --> Incorrect parameter count in the call to native function 'radians'
ERROR - 2022-05-13 13:26:11 --> Expression #1 of SELECT list is not in GROUP BY clause and contains nonaggregated column 'squill_app.address.id' which is not functionally dependent on columns in GROUP BY clause; this is incompatible with sql_mode=only_full_group_by
ERROR - 2022-05-13 13:26:11 --> Expression #1 of SELECT list is not in GROUP BY clause and contains nonaggregated column 'squill_app.address.id' which is not functionally dependent on columns in GROUP BY clause; this is incompatible with sql_mode=only_full_group_by
ERROR - 2022-05-13 13:26:12 --> Expression #1 of SELECT list is not in GROUP BY clause and contains nonaggregated column 'squill_app.address.id' which is not functionally dependent on columns in GROUP BY clause; this is incompatible with sql_mode=only_full_group_by
ERROR - 2022-05-13 13:26:15 --> Expression #1 of SELECT list is not in GROUP BY clause and contains nonaggregated column 'squill_app.address.id' which is not functionally dependent on columns in GROUP BY clause; this is incompatible with sql_mode=only_full_group_by
ERROR - 2022-05-13 13:26:16 --> Expression #1 of SELECT list is not in GROUP BY clause and contains nonaggregated column 'squill_app.address.id' which is not functionally dependent on columns in GROUP BY clause; this is incompatible with sql_mode=only_full_group_by
ERROR - 2022-05-13 13:26:24 --> Expression #1 of SELECT list is not in GROUP BY clause and contains nonaggregated column 'squill_app.address.id' which is not functionally dependent on columns in GROUP BY clause; this is incompatible with sql_mode=only_full_group_by
ERROR - 2022-05-13 13:26:25 --> Incorrect parameter count in the call to native function 'radians'
ERROR - 2022-05-13 13:26:31 --> Expression #1 of SELECT list is not in GROUP BY clause and contains nonaggregated column 'squill_app.address.id' which is not functionally dependent on columns in GROUP BY clause; this is incompatible with sql_mode=only_full_group_by
ERROR - 2022-05-13 13:26:31 --> Expression #1 of SELECT list is not in GROUP BY clause and contains nonaggregated column 'squill_app.address.id' which is not functionally dependent on columns in GROUP BY clause; this is incompatible with sql_mode=only_full_group_by
ERROR - 2022-05-13 13:26:35 --> Expression #2 of SELECT list is not in GROUP BY clause and contains nonaggregated column 'squill_app.booking.users_id' which is not functionally dependent on columns in GROUP BY clause; this is incompatible with sql_mode=only_full_group_by
ERROR - 2022-05-13 13:26:36 --> Expression #1 of SELECT list is not in GROUP BY clause and contains nonaggregated column 'squill_app.address.id' which is not functionally dependent on columns in GROUP BY clause; this is incompatible with sql_mode=only_full_group_by
ERROR - 2022-05-13 13:26:36 --> Expression #1 of SELECT list is not in GROUP BY clause and contains nonaggregated column 'squill_app.address.id' which is not functionally dependent on columns in GROUP BY clause; this is incompatible with sql_mode=only_full_group_by
ERROR - 2022-05-13 13:26:36 --> Expression #4 of SELECT list is not in GROUP BY clause and contains nonaggregated column 'squill_app.users.fcm_token' which is not functionally dependent on columns in GROUP BY clause; this is incompatible with sql_mode=only_full_group_by
ERROR - 2022-05-13 13:26:36 --> Expression #1 of SELECT list is not in GROUP BY clause and contains nonaggregated column 'squill_app.sp_location.city' which is not functionally dependent on columns in GROUP BY clause; this is incompatible with sql_mode=only_full_group_by
ERROR - 2022-05-13 13:26:37 --> Expression #2 of SELECT list is not in GROUP BY clause and contains nonaggregated column 'squill_app.booking.users_id' which is not functionally dependent on columns in GROUP BY clause; this is incompatible with sql_mode=only_full_group_by
ERROR - 2022-05-13 13:26:37 --> Expression #1 of SELECT list is not in GROUP BY clause and contains nonaggregated column 'squill_app.address.id' which is not functionally dependent on columns in GROUP BY clause; this is incompatible with sql_mode=only_full_group_by
ERROR - 2022-05-13 13:26:38 --> Expression #4 of SELECT list is not in GROUP BY clause and contains nonaggregated column 'squill_app.users.fcm_token' which is not functionally dependent on columns in GROUP BY clause; this is incompatible with sql_mode=only_full_group_by
ERROR - 2022-05-13 13:26:38 --> Expression #1 of SELECT list is not in GROUP BY clause and contains nonaggregated column 'squill_app.address.id' which is not functionally dependent on columns in GROUP BY clause; this is incompatible with sql_mode=only_full_group_by
ERROR - 2022-05-13 13:26:38 --> Expression #1 of SELECT list is not in GROUP BY clause and contains nonaggregated column 'squill_app.sp_location.city' which is not functionally dependent on columns in GROUP BY clause; this is incompatible with sql_mode=only_full_group_by
ERROR - 2022-05-13 13:26:39 --> Expression #4 of SELECT list is not in GROUP BY clause and contains nonaggregated column 'squill_app.users.fcm_token' which is not functionally dependent on columns in GROUP BY clause; this is incompatible with sql_mode=only_full_group_by
ERROR - 2022-05-13 13:26:39 --> Expression #1 of SELECT list is not in GROUP BY clause and contains nonaggregated column 'squill_app.address.id' which is not functionally dependent on columns in GROUP BY clause; this is incompatible with sql_mode=only_full_group_by
ERROR - 2022-05-13 13:26:39 --> Expression #2 of SELECT list is not in GROUP BY clause and contains nonaggregated column 'squill_app.booking.users_id' which is not functionally dependent on columns in GROUP BY clause; this is incompatible with sql_mode=only_full_group_by
ERROR - 2022-05-13 13:26:39 --> Expression #1 of SELECT list is not in GROUP BY clause and contains nonaggregated column 'squill_app.address.id' which is not functionally dependent on columns in GROUP BY clause; this is incompatible with sql_mode=only_full_group_by
ERROR - 2022-05-13 13:26:40 --> Expression #1 of SELECT list is not in GROUP BY clause and contains nonaggregated column 'squill_app.sp_location.city' which is not functionally dependent on columns in GROUP BY clause; this is incompatible with sql_mode=only_full_group_by
ERROR - 2022-05-13 13:26:41 --> Expression #1 of SELECT list is not in GROUP BY clause and contains nonaggregated column 'squill_app.address.id' which is not functionally dependent on columns in GROUP BY clause; this is incompatible with sql_mode=only_full_group_by
ERROR - 2022-05-13 13:26:41 --> Expression #2 of SELECT list is not in GROUP BY clause and contains nonaggregated column 'squill_app.booking.users_id' which is not functionally dependent on columns in GROUP BY clause; this is incompatible with sql_mode=only_full_group_by
ERROR - 2022-05-13 13:26:41 --> Expression #4 of SELECT list is not in GROUP BY clause and contains nonaggregated column 'squill_app.users.fcm_token' which is not functionally dependent on columns in GROUP BY clause; this is incompatible with sql_mode=only_full_group_by
ERROR - 2022-05-13 13:26:42 --> Expression #1 of SELECT list is not in GROUP BY clause and contains nonaggregated column 'squill_app.address.id' which is not functionally dependent on columns in GROUP BY clause; this is incompatible with sql_mode=only_full_group_by
ERROR - 2022-05-13 13:26:42 --> Expression #1 of SELECT list is not in GROUP BY clause and contains nonaggregated column 'squill_app.sp_location.city' which is not functionally dependent on columns in GROUP BY clause; this is incompatible with sql_mode=only_full_group_by
ERROR - 2022-05-13 13:26:43 --> Expression #4 of SELECT list is not in GROUP BY clause and contains nonaggregated column 'squill_app.users.fcm_token' which is not functionally dependent on columns in GROUP BY clause; this is incompatible with sql_mode=only_full_group_by
ERROR - 2022-05-13 13:26:43 --> Expression #2 of SELECT list is not in GROUP BY clause and contains nonaggregated column 'squill_app.booking.users_id' which is not functionally dependent on columns in GROUP BY clause; this is incompatible with sql_mode=only_full_group_by
ERROR - 2022-05-13 13:26:43 --> Expression #1 of SELECT list is not in GROUP BY clause and contains nonaggregated column 'squill_app.address.id' which is not functionally dependent on columns in GROUP BY clause; this is incompatible with sql_mode=only_full_group_by
ERROR - 2022-05-13 13:26:44 --> Expression #1 of SELECT list is not in GROUP BY clause and contains nonaggregated column 'squill_app.address.id' which is not functionally dependent on columns in GROUP BY clause; this is incompatible with sql_mode=only_full_group_by
ERROR - 2022-05-13 13:26:44 --> Expression #1 of SELECT list is not in GROUP BY clause and contains nonaggregated column 'squill_app.sp_location.city' which is not functionally dependent on columns in GROUP BY clause; this is incompatible with sql_mode=only_full_group_by
ERROR - 2022-05-13 13:26:45 --> Expression #2 of SELECT list is not in GROUP BY clause and contains nonaggregated column 'squill_app.booking.users_id' which is not functionally dependent on columns in GROUP BY clause; this is incompatible with sql_mode=only_full_group_by
ERROR - 2022-05-13 13:26:45 --> Expression #1 of SELECT list is not in GROUP BY clause and contains nonaggregated column 'squill_app.address.id' which is not functionally dependent on columns in GROUP BY clause; this is incompatible with sql_mode=only_full_group_by
ERROR - 2022-05-13 13:26:45 --> Expression #1 of SELECT list is not in GROUP BY clause and contains nonaggregated column 'squill_app.address.id' which is not functionally dependent on columns in GROUP BY clause; this is incompatible with sql_mode=only_full_group_by
ERROR - 2022-05-13 13:26:45 --> Expression #4 of SELECT list is not in GROUP BY clause and contains nonaggregated column 'squill_app.users.fcm_token' which is not functionally dependent on columns in GROUP BY clause; this is incompatible with sql_mode=only_full_group_by
ERROR - 2022-05-13 13:26:46 --> Expression #1 of SELECT list is not in GROUP BY clause and contains nonaggregated column 'squill_app.sp_location.city' which is not functionally dependent on columns in GROUP BY clause; this is incompatible with sql_mode=only_full_group_by
INFO - 2022-05-13 14:17:06 --> Used the default controller.
INFO - 2022-05-13 14:38:25 --> Used the default controller.
INFO - 2022-05-13 14:47:44 --> Used the default controller.
INFO - 2022-05-13 16:09:37 --> Used the default controller.
INFO - 2022-05-13 17:17:05 --> Used the default controller.
INFO - 2022-05-13 17:20:17 --> Used the default controller.
INFO - 2022-05-13 17:39:06 --> Used the default controller.
INFO - 2022-05-13 18:06:48 --> Used the default controller.
INFO - 2022-05-13 18:13:03 --> Used the default controller.
INFO - 2022-05-13 19:09:36 --> Used the default controller.
INFO - 2022-05-13 19:44:50 --> Used the default controller.
INFO - 2022-05-13 20:16:05 --> Used the default controller.
INFO - 2022-05-13 20:16:27 --> Used the default controller.
INFO - 2022-05-13 20:23:32 --> Used the default controller.
INFO - 2022-05-13 20:40:05 --> Used the default controller.
ERROR - 2022-05-13 20:45:52 --> Expression #1 of SELECT list is not in GROUP BY clause and contains nonaggregated column 'squill_app.address.id' which is not functionally dependent on columns in GROUP BY clause; this is incompatible with sql_mode=only_full_group_by
ERROR - 2022-05-13 20:45:52 --> Expression #2 of SELECT list is not in GROUP BY clause and contains nonaggregated column 'squill_app.booking.users_id' which is not functionally dependent on columns in GROUP BY clause; this is incompatible with sql_mode=only_full_group_by
ERROR - 2022-05-13 20:45:52 --> Expression #4 of SELECT list is not in GROUP BY clause and contains nonaggregated column 'squill_app.users.fcm_token' which is not functionally dependent on columns in GROUP BY clause; this is incompatible with sql_mode=only_full_group_by
ERROR - 2022-05-13 20:45:53 --> Expression #1 of SELECT list is not in GROUP BY clause and contains nonaggregated column 'squill_app.address.id' which is not functionally dependent on columns in GROUP BY clause; this is incompatible with sql_mode=only_full_group_by
ERROR - 2022-05-13 20:45:53 --> Expression #1 of SELECT list is not in GROUP BY clause and contains nonaggregated column 'squill_app.sp_location.city' which is not functionally dependent on columns in GROUP BY clause; this is incompatible with sql_mode=only_full_group_by
ERROR - 2022-05-13 20:45:55 --> Expression #1 of SELECT list is not in GROUP BY clause and contains nonaggregated column 'squill_app.address.id' which is not functionally dependent on columns in GROUP BY clause; this is incompatible with sql_mode=only_full_group_by
ERROR - 2022-05-13 20:45:55 --> Expression #1 of SELECT list is not in GROUP BY clause and contains nonaggregated column 'squill_app.address.id' which is not functionally dependent on columns in GROUP BY clause; this is incompatible with sql_mode=only_full_group_by
ERROR - 2022-05-13 20:46:01 --> Expression #2 of SELECT list is not in GROUP BY clause and contains nonaggregated column 'squill_app.booking.users_id' which is not functionally dependent on columns in GROUP BY clause; this is incompatible with sql_mode=only_full_group_by
ERROR - 2022-05-13 20:46:01 --> Expression #1 of SELECT list is not in GROUP BY clause and contains nonaggregated column 'squill_app.address.id' which is not functionally dependent on columns in GROUP BY clause; this is incompatible with sql_mode=only_full_group_by
ERROR - 2022-05-13 20:46:01 --> Expression #4 of SELECT list is not in GROUP BY clause and contains nonaggregated column 'squill_app.users.fcm_token' which is not functionally dependent on columns in GROUP BY clause; this is incompatible with sql_mode=only_full_group_by
ERROR - 2022-05-13 20:46:01 --> Expression #1 of SELECT list is not in GROUP BY clause and contains nonaggregated column 'squill_app.address.id' which is not functionally dependent on columns in GROUP BY clause; this is incompatible with sql_mode=only_full_group_by
ERROR - 2022-05-13 20:46:01 --> Expression #1 of SELECT list is not in GROUP BY clause and contains nonaggregated column 'squill_app.sp_location.city' which is not functionally dependent on columns in GROUP BY clause; this is incompatible with sql_mode=only_full_group_by
INFO - 2022-05-13 21:20:25 --> Used the default controller.
INFO - 2022-05-13 22:08:00 --> Used the default controller.
INFO - 2022-05-13 22:55:00 --> Used the default controller.
INFO - 2022-05-13 23:16:19 --> Used the default controller.
INFO - 2022-05-13 23:39:03 --> Used the default controller.
