INFO - 2022-06-01 00:32:28 --> Used the default controller.
INFO - 2022-06-01 00:40:04 --> Used the default controller.
INFO - 2022-06-01 00:40:06 --> Used the default controller.
INFO - 2022-06-01 01:09:25 --> Used the default controller.
INFO - 2022-06-01 02:02:42 --> Used the default controller.
INFO - 2022-06-01 02:39:42 --> Used the default controller.
INFO - 2022-06-01 03:32:18 --> Used the default controller.
INFO - 2022-06-01 03:50:40 --> Used the default controller.
INFO - 2022-06-01 03:50:42 --> Used the default controller.
INFO - 2022-06-01 04:07:09 --> Used the default controller.
INFO - 2022-06-01 04:35:59 --> Used the default controller.
INFO - 2022-06-01 05:01:35 --> Used the default controller.
INFO - 2022-06-01 05:40:05 --> Used the default controller.
INFO - 2022-06-01 05:40:08 --> Used the default controller.
INFO - 2022-06-01 05:53:25 --> Used the default controller.
INFO - 2022-06-01 06:14:48 --> Used the default controller.
INFO - 2022-06-01 06:31:30 --> Used the default controller.
INFO - 2022-06-01 07:04:36 --> Used the default controller.
INFO - 2022-06-01 07:10:16 --> Used the default controller.
INFO - 2022-06-01 08:00:26 --> Used the default controller.
INFO - 2022-06-01 08:27:56 --> Used the default controller.
INFO - 2022-06-01 08:27:58 --> Used the default controller.
INFO - 2022-06-01 08:41:05 --> Used the default controller.
INFO - 2022-06-01 09:28:21 --> Used the default controller.
INFO - 2022-06-01 09:28:37 --> Used the default controller.
INFO - 2022-06-01 09:56:15 --> Used the default controller.
INFO - 2022-06-01 10:11:04 --> Used the default controller.
INFO - 2022-06-01 10:56:33 --> Used the default controller.
INFO - 2022-06-01 11:22:57 --> Used the default controller.
INFO - 2022-06-01 13:10:48 --> Used the default controller.
ERROR - 2022-06-01 14:32:34 --> Expression #2 of SELECT list is not in GROUP BY clause and contains nonaggregated column 'squill_app.booking.users_id' which is not functionally dependent on columns in GROUP BY clause; this is incompatible with sql_mode=only_full_group_by
ERROR - 2022-06-01 14:32:34 --> Expression #1 of SELECT list is not in GROUP BY clause and contains nonaggregated column 'squill_app.address.id' which is not functionally dependent on columns in GROUP BY clause; this is incompatible with sql_mode=only_full_group_by
ERROR - 2022-06-01 14:32:34 --> Expression #4 of SELECT list is not in GROUP BY clause and contains nonaggregated column 'squill_app.users.fcm_token' which is not functionally dependent on columns in GROUP BY clause; this is incompatible with sql_mode=only_full_group_by
ERROR - 2022-06-01 14:32:34 --> Expression #1 of SELECT list is not in GROUP BY clause and contains nonaggregated column 'squill_app.address.id' which is not functionally dependent on columns in GROUP BY clause; this is incompatible with sql_mode=only_full_group_by
ERROR - 2022-06-01 14:32:34 --> Expression #1 of SELECT list is not in GROUP BY clause and contains nonaggregated column 'squill_app.sp_location.city' which is not functionally dependent on columns in GROUP BY clause; this is incompatible with sql_mode=only_full_group_by
ERROR - 2022-06-01 14:32:36 --> Expression #1 of SELECT list is not in GROUP BY clause and contains nonaggregated column 'squill_app.address.id' which is not functionally dependent on columns in GROUP BY clause; this is incompatible with sql_mode=only_full_group_by
ERROR - 2022-06-01 14:32:36 --> Expression #1 of SELECT list is not in GROUP BY clause and contains nonaggregated column 'squill_app.address.id' which is not functionally dependent on columns in GROUP BY clause; this is incompatible with sql_mode=only_full_group_by
ERROR - 2022-06-01 14:33:46 --> Expression #1 of SELECT list is not in GROUP BY clause and contains nonaggregated column 'squill_app.address.id' which is not functionally dependent on columns in GROUP BY clause; this is incompatible with sql_mode=only_full_group_by
ERROR - 2022-06-01 14:33:46 --> Expression #2 of SELECT list is not in GROUP BY clause and contains nonaggregated column 'squill_app.booking.users_id' which is not functionally dependent on columns in GROUP BY clause; this is incompatible with sql_mode=only_full_group_by
ERROR - 2022-06-01 14:33:46 --> Expression #1 of SELECT list is not in GROUP BY clause and contains nonaggregated column 'squill_app.address.id' which is not functionally dependent on columns in GROUP BY clause; this is incompatible with sql_mode=only_full_group_by
ERROR - 2022-06-01 14:33:46 --> Expression #1 of SELECT list is not in GROUP BY clause and contains nonaggregated column 'squill_app.sp_location.city' which is not functionally dependent on columns in GROUP BY clause; this is incompatible with sql_mode=only_full_group_by
ERROR - 2022-06-01 14:33:47 --> Expression #4 of SELECT list is not in GROUP BY clause and contains nonaggregated column 'squill_app.users.fcm_token' which is not functionally dependent on columns in GROUP BY clause; this is incompatible with sql_mode=only_full_group_by
ERROR - 2022-06-01 14:33:48 --> Expression #2 of SELECT list is not in GROUP BY clause and contains nonaggregated column 'squill_app.booking.users_id' which is not functionally dependent on columns in GROUP BY clause; this is incompatible with sql_mode=only_full_group_by
ERROR - 2022-06-01 14:33:48 --> Expression #1 of SELECT list is not in GROUP BY clause and contains nonaggregated column 'squill_app.address.id' which is not functionally dependent on columns in GROUP BY clause; this is incompatible with sql_mode=only_full_group_by
ERROR - 2022-06-01 14:33:49 --> Expression #4 of SELECT list is not in GROUP BY clause and contains nonaggregated column 'squill_app.users.fcm_token' which is not functionally dependent on columns in GROUP BY clause; this is incompatible with sql_mode=only_full_group_by
ERROR - 2022-06-01 14:33:49 --> Expression #1 of SELECT list is not in GROUP BY clause and contains nonaggregated column 'squill_app.address.id' which is not functionally dependent on columns in GROUP BY clause; this is incompatible with sql_mode=only_full_group_by
ERROR - 2022-06-01 14:33:49 --> Expression #1 of SELECT list is not in GROUP BY clause and contains nonaggregated column 'squill_app.sp_location.city' which is not functionally dependent on columns in GROUP BY clause; this is incompatible with sql_mode=only_full_group_by
ERROR - 2022-06-01 14:33:50 --> Expression #1 of SELECT list is not in GROUP BY clause and contains nonaggregated column 'squill_app.address.id' which is not functionally dependent on columns in GROUP BY clause; this is incompatible with sql_mode=only_full_group_by
ERROR - 2022-06-01 14:33:50 --> Expression #1 of SELECT list is not in GROUP BY clause and contains nonaggregated column 'squill_app.address.id' which is not functionally dependent on columns in GROUP BY clause; this is incompatible with sql_mode=only_full_group_by
ERROR - 2022-06-01 14:33:51 --> Expression #1 of SELECT list is not in GROUP BY clause and contains nonaggregated column 'squill_app.address.id' which is not functionally dependent on columns in GROUP BY clause; this is incompatible with sql_mode=only_full_group_by
ERROR - 2022-06-01 14:34:18 --> Expression #1 of SELECT list is not in GROUP BY clause and contains nonaggregated column 'squill_app.address.id' which is not functionally dependent on columns in GROUP BY clause; this is incompatible with sql_mode=only_full_group_by
ERROR - 2022-06-01 14:35:47 --> Expression #1 of SELECT list is not in GROUP BY clause and contains nonaggregated column 'squill_app.address.id' which is not functionally dependent on columns in GROUP BY clause; this is incompatible with sql_mode=only_full_group_by
INFO - 2022-06-01 14:35:54 --> Used the default controller.
ERROR - 2022-06-01 14:37:48 --> Expression #1 of SELECT list is not in GROUP BY clause and contains nonaggregated column 'squill_app.address.id' which is not functionally dependent on columns in GROUP BY clause; this is incompatible with sql_mode=only_full_group_by
INFO - 2022-06-01 14:40:46 --> Used the default controller.
INFO - 2022-06-01 15:29:00 --> Used the default controller.
ERROR - 2022-06-01 15:29:50 --> Expression #1 of SELECT list is not in GROUP BY clause and contains nonaggregated column 'squill_app.address.id' which is not functionally dependent on columns in GROUP BY clause; this is incompatible with sql_mode=only_full_group_by
ERROR - 2022-06-01 15:29:50 --> Expression #1 of SELECT list is not in GROUP BY clause and contains nonaggregated column 'squill_app.address.id' which is not functionally dependent on columns in GROUP BY clause; this is incompatible with sql_mode=only_full_group_by
ERROR - 2022-06-01 15:52:54 --> Expression #2 of SELECT list is not in GROUP BY clause and contains nonaggregated column 'squill_app.booking.users_id' which is not functionally dependent on columns in GROUP BY clause; this is incompatible with sql_mode=only_full_group_by
ERROR - 2022-06-01 15:52:54 --> Expression #1 of SELECT list is not in GROUP BY clause and contains nonaggregated column 'squill_app.address.id' which is not functionally dependent on columns in GROUP BY clause; this is incompatible with sql_mode=only_full_group_by
ERROR - 2022-06-01 15:52:54 --> Expression #4 of SELECT list is not in GROUP BY clause and contains nonaggregated column 'squill_app.users.fcm_token' which is not functionally dependent on columns in GROUP BY clause; this is incompatible with sql_mode=only_full_group_by
ERROR - 2022-06-01 15:52:54 --> Expression #1 of SELECT list is not in GROUP BY clause and contains nonaggregated column 'squill_app.address.id' which is not functionally dependent on columns in GROUP BY clause; this is incompatible with sql_mode=only_full_group_by
ERROR - 2022-06-01 15:52:54 --> Expression #1 of SELECT list is not in GROUP BY clause and contains nonaggregated column 'squill_app.sp_location.city' which is not functionally dependent on columns in GROUP BY clause; this is incompatible with sql_mode=only_full_group_by
ERROR - 2022-06-01 15:52:56 --> Expression #1 of SELECT list is not in GROUP BY clause and contains nonaggregated column 'squill_app.address.id' which is not functionally dependent on columns in GROUP BY clause; this is incompatible with sql_mode=only_full_group_by
ERROR - 2022-06-01 15:52:56 --> Expression #1 of SELECT list is not in GROUP BY clause and contains nonaggregated column 'squill_app.address.id' which is not functionally dependent on columns in GROUP BY clause; this is incompatible with sql_mode=only_full_group_by
ERROR - 2022-06-01 15:52:58 --> Expression #1 of SELECT list is not in GROUP BY clause and contains nonaggregated column 'squill_app.address.id' which is not functionally dependent on columns in GROUP BY clause; this is incompatible with sql_mode=only_full_group_by
ERROR - 2022-06-01 15:53:00 --> Expression #1 of SELECT list is not in GROUP BY clause and contains nonaggregated column 'squill_app.address.id' which is not functionally dependent on columns in GROUP BY clause; this is incompatible with sql_mode=only_full_group_by
ERROR - 2022-06-01 15:53:09 --> Expression #1 of SELECT list is not in GROUP BY clause and contains nonaggregated column 'squill_app.address.id' which is not functionally dependent on columns in GROUP BY clause; this is incompatible with sql_mode=only_full_group_by
INFO - 2022-06-01 15:53:50 --> Used the default controller.
INFO - 2022-06-01 15:53:52 --> Used the default controller.
ERROR - 2022-06-01 15:54:07 --> Expression #1 of SELECT list is not in GROUP BY clause and contains nonaggregated column 'squill_app.address.id' which is not functionally dependent on columns in GROUP BY clause; this is incompatible with sql_mode=only_full_group_by
INFO - 2022-06-01 16:09:38 --> Used the default controller.
INFO - 2022-06-01 16:15:46 --> Used the default controller.
INFO - 2022-06-01 17:23:43 --> Used the default controller.
INFO - 2022-06-01 17:40:21 --> Used the default controller.
INFO - 2022-06-01 17:51:35 --> Used the default controller.
INFO - 2022-06-01 18:51:50 --> Used the default controller.
INFO - 2022-06-01 19:06:59 --> Used the default controller.
INFO - 2022-06-01 19:09:59 --> Used the default controller.
INFO - 2022-06-01 20:31:53 --> Used the default controller.
INFO - 2022-06-01 20:37:45 --> Used the default controller.
INFO - 2022-06-01 20:40:23 --> Used the default controller.
INFO - 2022-06-01 21:05:32 --> Used the default controller.
INFO - 2022-06-01 21:27:21 --> Used the default controller.
INFO - 2022-06-01 22:03:15 --> Used the default controller.
INFO - 2022-06-01 22:08:35 --> Used the default controller.
INFO - 2022-06-01 22:10:18 --> Used the default controller.
INFO - 2022-06-01 22:15:48 --> Used the default controller.
INFO - 2022-06-01 22:15:52 --> Used the default controller.
INFO - 2022-06-01 22:49:13 --> Used the default controller.
INFO - 2022-06-01 23:01:35 --> Used the default controller.
INFO - 2022-06-01 23:38:35 --> Used the default controller.
INFO - 2022-06-01 23:41:06 --> Used the default controller.
