INFO - 2022-05-08 00:14:09 --> Used the default controller.
INFO - 2022-05-08 00:40:51 --> Used the default controller.
INFO - 2022-05-08 00:58:27 --> Used the default controller.
INFO - 2022-05-08 01:23:45 --> Used the default controller.
INFO - 2022-05-08 02:10:57 --> Used the default controller.
INFO - 2022-05-08 02:34:06 --> Used the default controller.
INFO - 2022-05-08 03:14:24 --> Used the default controller.
INFO - 2022-05-08 03:32:43 --> Used the default controller.
INFO - 2022-05-08 03:32:43 --> Used the default controller.
INFO - 2022-05-08 03:39:48 --> Used the default controller.
INFO - 2022-05-08 04:09:07 --> Used the default controller.
INFO - 2022-05-08 05:08:01 --> Used the default controller.
INFO - 2022-05-08 05:44:13 --> Used the default controller.
INFO - 2022-05-08 05:52:37 --> Used the default controller.
INFO - 2022-05-08 06:15:55 --> Used the default controller.
INFO - 2022-05-08 06:39:25 --> Used the default controller.
INFO - 2022-05-08 06:42:10 --> Used the default controller.
INFO - 2022-05-08 07:20:03 --> Used the default controller.
INFO - 2022-05-08 07:56:00 --> Used the default controller.
INFO - 2022-05-08 08:14:59 --> Used the default controller.
INFO - 2022-05-08 08:45:08 --> Used the default controller.
INFO - 2022-05-08 08:45:09 --> Used the default controller.
INFO - 2022-05-08 08:45:11 --> Used the default controller.
INFO - 2022-05-08 08:45:16 --> Used the default controller.
INFO - 2022-05-08 08:54:18 --> Used the default controller.
INFO - 2022-05-08 09:39:21 --> Used the default controller.
INFO - 2022-05-08 09:48:20 --> Used the default controller.
INFO - 2022-05-08 10:05:16 --> Used the default controller.
INFO - 2022-05-08 10:28:53 --> Used the default controller.
INFO - 2022-05-08 11:14:51 --> Used the default controller.
ERROR - 2022-05-08 11:59:17 --> Expression #1 of SELECT list is not in GROUP BY clause and contains nonaggregated column 'squill_app.address.id' which is not functionally dependent on columns in GROUP BY clause; this is incompatible with sql_mode=only_full_group_by
ERROR - 2022-05-08 11:59:17 --> Expression #1 of SELECT list is not in GROUP BY clause and contains nonaggregated column 'squill_app.address.id' which is not functionally dependent on columns in GROUP BY clause; this is incompatible with sql_mode=only_full_group_by
ERROR - 2022-05-08 11:59:29 --> Expression #1 of SELECT list is not in GROUP BY clause and contains nonaggregated column 'squill_app.address.id' which is not functionally dependent on columns in GROUP BY clause; this is incompatible with sql_mode=only_full_group_by
ERROR - 2022-05-08 11:59:29 --> Expression #1 of SELECT list is not in GROUP BY clause and contains nonaggregated column 'squill_app.address.id' which is not functionally dependent on columns in GROUP BY clause; this is incompatible with sql_mode=only_full_group_by
ERROR - 2022-05-08 11:59:38 --> Expression #1 of SELECT list is not in GROUP BY clause and contains nonaggregated column 'squill_app.address.id' which is not functionally dependent on columns in GROUP BY clause; this is incompatible with sql_mode=only_full_group_by
ERROR - 2022-05-08 11:59:38 --> Expression #2 of SELECT list is not in GROUP BY clause and contains nonaggregated column 'squill_app.booking.users_id' which is not functionally dependent on columns in GROUP BY clause; this is incompatible with sql_mode=only_full_group_by
ERROR - 2022-05-08 11:59:38 --> Expression #1 of SELECT list is not in GROUP BY clause and contains nonaggregated column 'squill_app.address.id' which is not functionally dependent on columns in GROUP BY clause; this is incompatible with sql_mode=only_full_group_by
ERROR - 2022-05-08 11:59:38 --> Expression #4 of SELECT list is not in GROUP BY clause and contains nonaggregated column 'squill_app.users.fcm_token' which is not functionally dependent on columns in GROUP BY clause; this is incompatible with sql_mode=only_full_group_by
ERROR - 2022-05-08 11:59:38 --> Expression #1 of SELECT list is not in GROUP BY clause and contains nonaggregated column 'squill_app.sp_location.city' which is not functionally dependent on columns in GROUP BY clause; this is incompatible with sql_mode=only_full_group_by
ERROR - 2022-05-08 11:59:41 --> Expression #1 of SELECT list is not in GROUP BY clause and contains nonaggregated column 'squill_app.address.id' which is not functionally dependent on columns in GROUP BY clause; this is incompatible with sql_mode=only_full_group_by
ERROR - 2022-05-08 11:59:41 --> Expression #2 of SELECT list is not in GROUP BY clause and contains nonaggregated column 'squill_app.booking.users_id' which is not functionally dependent on columns in GROUP BY clause; this is incompatible with sql_mode=only_full_group_by
ERROR - 2022-05-08 11:59:41 --> Expression #4 of SELECT list is not in GROUP BY clause and contains nonaggregated column 'squill_app.users.fcm_token' which is not functionally dependent on columns in GROUP BY clause; this is incompatible with sql_mode=only_full_group_by
ERROR - 2022-05-08 11:59:41 --> Expression #1 of SELECT list is not in GROUP BY clause and contains nonaggregated column 'squill_app.address.id' which is not functionally dependent on columns in GROUP BY clause; this is incompatible with sql_mode=only_full_group_by
ERROR - 2022-05-08 11:59:42 --> Expression #1 of SELECT list is not in GROUP BY clause and contains nonaggregated column 'squill_app.sp_location.city' which is not functionally dependent on columns in GROUP BY clause; this is incompatible with sql_mode=only_full_group_by
ERROR - 2022-05-08 11:59:45 --> Expression #4 of SELECT list is not in GROUP BY clause and contains nonaggregated column 'squill_app.users.fcm_token' which is not functionally dependent on columns in GROUP BY clause; this is incompatible with sql_mode=only_full_group_by
ERROR - 2022-05-08 11:59:45 --> Expression #2 of SELECT list is not in GROUP BY clause and contains nonaggregated column 'squill_app.booking.users_id' which is not functionally dependent on columns in GROUP BY clause; this is incompatible with sql_mode=only_full_group_by
ERROR - 2022-05-08 11:59:45 --> Expression #1 of SELECT list is not in GROUP BY clause and contains nonaggregated column 'squill_app.address.id' which is not functionally dependent on columns in GROUP BY clause; this is incompatible with sql_mode=only_full_group_by
ERROR - 2022-05-08 11:59:45 --> Expression #1 of SELECT list is not in GROUP BY clause and contains nonaggregated column 'squill_app.address.id' which is not functionally dependent on columns in GROUP BY clause; this is incompatible with sql_mode=only_full_group_by
ERROR - 2022-05-08 11:59:45 --> Expression #1 of SELECT list is not in GROUP BY clause and contains nonaggregated column 'squill_app.sp_location.city' which is not functionally dependent on columns in GROUP BY clause; this is incompatible with sql_mode=only_full_group_by
ERROR - 2022-05-08 11:59:48 --> Expression #1 of SELECT list is not in GROUP BY clause and contains nonaggregated column 'squill_app.address.id' which is not functionally dependent on columns in GROUP BY clause; this is incompatible with sql_mode=only_full_group_by
ERROR - 2022-05-08 11:59:48 --> Expression #1 of SELECT list is not in GROUP BY clause and contains nonaggregated column 'squill_app.address.id' which is not functionally dependent on columns in GROUP BY clause; this is incompatible with sql_mode=only_full_group_by
ERROR - 2022-05-08 11:59:51 --> Expression #2 of SELECT list is not in GROUP BY clause and contains nonaggregated column 'squill_app.booking.users_id' which is not functionally dependent on columns in GROUP BY clause; this is incompatible with sql_mode=only_full_group_by
ERROR - 2022-05-08 11:59:51 --> Expression #1 of SELECT list is not in GROUP BY clause and contains nonaggregated column 'squill_app.address.id' which is not functionally dependent on columns in GROUP BY clause; this is incompatible with sql_mode=only_full_group_by
ERROR - 2022-05-08 11:59:51 --> Expression #4 of SELECT list is not in GROUP BY clause and contains nonaggregated column 'squill_app.users.fcm_token' which is not functionally dependent on columns in GROUP BY clause; this is incompatible with sql_mode=only_full_group_by
ERROR - 2022-05-08 11:59:51 --> Expression #1 of SELECT list is not in GROUP BY clause and contains nonaggregated column 'squill_app.address.id' which is not functionally dependent on columns in GROUP BY clause; this is incompatible with sql_mode=only_full_group_by
ERROR - 2022-05-08 11:59:51 --> Expression #1 of SELECT list is not in GROUP BY clause and contains nonaggregated column 'squill_app.sp_location.city' which is not functionally dependent on columns in GROUP BY clause; this is incompatible with sql_mode=only_full_group_by
ERROR - 2022-05-08 11:59:56 --> Expression #1 of SELECT list is not in GROUP BY clause and contains nonaggregated column 'squill_app.address.id' which is not functionally dependent on columns in GROUP BY clause; this is incompatible with sql_mode=only_full_group_by
ERROR - 2022-05-08 11:59:56 --> Expression #1 of SELECT list is not in GROUP BY clause and contains nonaggregated column 'squill_app.address.id' which is not functionally dependent on columns in GROUP BY clause; this is incompatible with sql_mode=only_full_group_by
ERROR - 2022-05-08 12:00:06 --> Expression #1 of SELECT list is not in GROUP BY clause and contains nonaggregated column 'squill_app.sp_location.id' which is not functionally dependent on columns in GROUP BY clause; this is incompatible with sql_mode=only_full_group_by
ERROR - 2022-05-08 12:00:12 --> Expression #1 of SELECT list is not in GROUP BY clause and contains nonaggregated column 'squill_app.address.id' which is not functionally dependent on columns in GROUP BY clause; this is incompatible with sql_mode=only_full_group_by
ERROR - 2022-05-08 12:00:12 --> Expression #2 of SELECT list is not in GROUP BY clause and contains nonaggregated column 'squill_app.booking.users_id' which is not functionally dependent on columns in GROUP BY clause; this is incompatible with sql_mode=only_full_group_by
ERROR - 2022-05-08 12:00:12 --> Expression #4 of SELECT list is not in GROUP BY clause and contains nonaggregated column 'squill_app.users.fcm_token' which is not functionally dependent on columns in GROUP BY clause; this is incompatible with sql_mode=only_full_group_by
ERROR - 2022-05-08 12:00:12 --> Expression #1 of SELECT list is not in GROUP BY clause and contains nonaggregated column 'squill_app.address.id' which is not functionally dependent on columns in GROUP BY clause; this is incompatible with sql_mode=only_full_group_by
ERROR - 2022-05-08 12:00:12 --> Expression #1 of SELECT list is not in GROUP BY clause and contains nonaggregated column 'squill_app.sp_location.city' which is not functionally dependent on columns in GROUP BY clause; this is incompatible with sql_mode=only_full_group_by
ERROR - 2022-05-08 12:00:15 --> Expression #2 of SELECT list is not in GROUP BY clause and contains nonaggregated column 'squill_app.booking.users_id' which is not functionally dependent on columns in GROUP BY clause; this is incompatible with sql_mode=only_full_group_by
ERROR - 2022-05-08 12:00:15 --> Expression #1 of SELECT list is not in GROUP BY clause and contains nonaggregated column 'squill_app.address.id' which is not functionally dependent on columns in GROUP BY clause; this is incompatible with sql_mode=only_full_group_by
ERROR - 2022-05-08 12:00:15 --> Expression #4 of SELECT list is not in GROUP BY clause and contains nonaggregated column 'squill_app.users.fcm_token' which is not functionally dependent on columns in GROUP BY clause; this is incompatible with sql_mode=only_full_group_by
ERROR - 2022-05-08 12:00:16 --> Expression #1 of SELECT list is not in GROUP BY clause and contains nonaggregated column 'squill_app.address.id' which is not functionally dependent on columns in GROUP BY clause; this is incompatible with sql_mode=only_full_group_by
ERROR - 2022-05-08 12:00:16 --> Expression #1 of SELECT list is not in GROUP BY clause and contains nonaggregated column 'squill_app.sp_location.city' which is not functionally dependent on columns in GROUP BY clause; this is incompatible with sql_mode=only_full_group_by
ERROR - 2022-05-08 12:00:17 --> Expression #1 of SELECT list is not in GROUP BY clause and contains nonaggregated column 'squill_app.address.id' which is not functionally dependent on columns in GROUP BY clause; this is incompatible with sql_mode=only_full_group_by
ERROR - 2022-05-08 12:00:17 --> Expression #1 of SELECT list is not in GROUP BY clause and contains nonaggregated column 'squill_app.address.id' which is not functionally dependent on columns in GROUP BY clause; this is incompatible with sql_mode=only_full_group_by
ERROR - 2022-05-08 12:00:18 --> Expression #1 of SELECT list is not in GROUP BY clause and contains nonaggregated column 'squill_app.address.id' which is not functionally dependent on columns in GROUP BY clause; this is incompatible with sql_mode=only_full_group_by
ERROR - 2022-05-08 12:00:18 --> Expression #1 of SELECT list is not in GROUP BY clause and contains nonaggregated column 'squill_app.address.id' which is not functionally dependent on columns in GROUP BY clause; this is incompatible with sql_mode=only_full_group_by
ERROR - 2022-05-08 12:00:20 --> Expression #1 of SELECT list is not in GROUP BY clause and contains nonaggregated column 'squill_app.sp_location.id' which is not functionally dependent on columns in GROUP BY clause; this is incompatible with sql_mode=only_full_group_by
ERROR - 2022-05-08 12:00:26 --> Expression #1 of SELECT list is not in GROUP BY clause and contains nonaggregated column 'squill_app.address.id' which is not functionally dependent on columns in GROUP BY clause; this is incompatible with sql_mode=only_full_group_by
ERROR - 2022-05-08 12:00:26 --> Expression #1 of SELECT list is not in GROUP BY clause and contains nonaggregated column 'squill_app.address.id' which is not functionally dependent on columns in GROUP BY clause; this is incompatible with sql_mode=only_full_group_by
ERROR - 2022-05-08 12:00:29 --> Expression #1 of SELECT list is not in GROUP BY clause and contains nonaggregated column 'squill_app.sp_location.id' which is not functionally dependent on columns in GROUP BY clause; this is incompatible with sql_mode=only_full_group_by
ERROR - 2022-05-08 12:00:39 --> Expression #1 of SELECT list is not in GROUP BY clause and contains nonaggregated column 'squill_app.sp_location.id' which is not functionally dependent on columns in GROUP BY clause; this is incompatible with sql_mode=only_full_group_by
ERROR - 2022-05-08 12:00:41 --> Expression #2 of SELECT list is not in GROUP BY clause and contains nonaggregated column 'squill_app.booking.users_id' which is not functionally dependent on columns in GROUP BY clause; this is incompatible with sql_mode=only_full_group_by
ERROR - 2022-05-08 12:00:41 --> Expression #1 of SELECT list is not in GROUP BY clause and contains nonaggregated column 'squill_app.address.id' which is not functionally dependent on columns in GROUP BY clause; this is incompatible with sql_mode=only_full_group_by
ERROR - 2022-05-08 12:00:41 --> Expression #1 of SELECT list is not in GROUP BY clause and contains nonaggregated column 'squill_app.address.id' which is not functionally dependent on columns in GROUP BY clause; this is incompatible with sql_mode=only_full_group_by
ERROR - 2022-05-08 12:00:41 --> Expression #4 of SELECT list is not in GROUP BY clause and contains nonaggregated column 'squill_app.users.fcm_token' which is not functionally dependent on columns in GROUP BY clause; this is incompatible with sql_mode=only_full_group_by
ERROR - 2022-05-08 12:00:41 --> Expression #1 of SELECT list is not in GROUP BY clause and contains nonaggregated column 'squill_app.sp_location.city' which is not functionally dependent on columns in GROUP BY clause; this is incompatible with sql_mode=only_full_group_by
ERROR - 2022-05-08 12:00:43 --> Expression #2 of SELECT list is not in GROUP BY clause and contains nonaggregated column 'squill_app.booking.users_id' which is not functionally dependent on columns in GROUP BY clause; this is incompatible with sql_mode=only_full_group_by
ERROR - 2022-05-08 12:00:43 --> Expression #1 of SELECT list is not in GROUP BY clause and contains nonaggregated column 'squill_app.address.id' which is not functionally dependent on columns in GROUP BY clause; this is incompatible with sql_mode=only_full_group_by
ERROR - 2022-05-08 12:00:43 --> Expression #4 of SELECT list is not in GROUP BY clause and contains nonaggregated column 'squill_app.users.fcm_token' which is not functionally dependent on columns in GROUP BY clause; this is incompatible with sql_mode=only_full_group_by
ERROR - 2022-05-08 12:00:43 --> Expression #1 of SELECT list is not in GROUP BY clause and contains nonaggregated column 'squill_app.address.id' which is not functionally dependent on columns in GROUP BY clause; this is incompatible with sql_mode=only_full_group_by
ERROR - 2022-05-08 12:00:43 --> Expression #1 of SELECT list is not in GROUP BY clause and contains nonaggregated column 'squill_app.sp_location.city' which is not functionally dependent on columns in GROUP BY clause; this is incompatible with sql_mode=only_full_group_by
ERROR - 2022-05-08 12:00:44 --> Expression #4 of SELECT list is not in GROUP BY clause and contains nonaggregated column 'squill_app.users.fcm_token' which is not functionally dependent on columns in GROUP BY clause; this is incompatible with sql_mode=only_full_group_by
ERROR - 2022-05-08 12:00:44 --> Expression #2 of SELECT list is not in GROUP BY clause and contains nonaggregated column 'squill_app.booking.users_id' which is not functionally dependent on columns in GROUP BY clause; this is incompatible with sql_mode=only_full_group_by
ERROR - 2022-05-08 12:00:44 --> Expression #1 of SELECT list is not in GROUP BY clause and contains nonaggregated column 'squill_app.address.id' which is not functionally dependent on columns in GROUP BY clause; this is incompatible with sql_mode=only_full_group_by
ERROR - 2022-05-08 12:00:44 --> Expression #1 of SELECT list is not in GROUP BY clause and contains nonaggregated column 'squill_app.address.id' which is not functionally dependent on columns in GROUP BY clause; this is incompatible with sql_mode=only_full_group_by
ERROR - 2022-05-08 12:00:44 --> Expression #1 of SELECT list is not in GROUP BY clause and contains nonaggregated column 'squill_app.sp_location.city' which is not functionally dependent on columns in GROUP BY clause; this is incompatible with sql_mode=only_full_group_by
ERROR - 2022-05-08 12:00:47 --> Expression #1 of SELECT list is not in GROUP BY clause and contains nonaggregated column 'squill_app.address.id' which is not functionally dependent on columns in GROUP BY clause; this is incompatible with sql_mode=only_full_group_by
ERROR - 2022-05-08 12:00:48 --> Expression #1 of SELECT list is not in GROUP BY clause and contains nonaggregated column 'squill_app.address.id' which is not functionally dependent on columns in GROUP BY clause; this is incompatible with sql_mode=only_full_group_by
ERROR - 2022-05-08 12:00:51 --> Expression #1 of SELECT list is not in GROUP BY clause and contains nonaggregated column 'squill_app.address.id' which is not functionally dependent on columns in GROUP BY clause; this is incompatible with sql_mode=only_full_group_by
ERROR - 2022-05-08 12:00:51 --> Expression #1 of SELECT list is not in GROUP BY clause and contains nonaggregated column 'squill_app.address.id' which is not functionally dependent on columns in GROUP BY clause; this is incompatible with sql_mode=only_full_group_by
ERROR - 2022-05-08 12:00:51 --> Expression #1 of SELECT list is not in GROUP BY clause and contains nonaggregated column 'squill_app.sp_location.id' which is not functionally dependent on columns in GROUP BY clause; this is incompatible with sql_mode=only_full_group_by
ERROR - 2022-05-08 12:00:53 --> Expression #1 of SELECT list is not in GROUP BY clause and contains nonaggregated column 'squill_app.address.id' which is not functionally dependent on columns in GROUP BY clause; this is incompatible with sql_mode=only_full_group_by
ERROR - 2022-05-08 12:00:53 --> Expression #1 of SELECT list is not in GROUP BY clause and contains nonaggregated column 'squill_app.address.id' which is not functionally dependent on columns in GROUP BY clause; this is incompatible with sql_mode=only_full_group_by
ERROR - 2022-05-08 12:00:54 --> Expression #1 of SELECT list is not in GROUP BY clause and contains nonaggregated column 'squill_app.sp_location.id' which is not functionally dependent on columns in GROUP BY clause; this is incompatible with sql_mode=only_full_group_by
ERROR - 2022-05-08 12:00:57 --> Expression #1 of SELECT list is not in GROUP BY clause and contains nonaggregated column 'squill_app.address.id' which is not functionally dependent on columns in GROUP BY clause; this is incompatible with sql_mode=only_full_group_by
ERROR - 2022-05-08 12:00:57 --> Expression #1 of SELECT list is not in GROUP BY clause and contains nonaggregated column 'squill_app.address.id' which is not functionally dependent on columns in GROUP BY clause; this is incompatible with sql_mode=only_full_group_by
ERROR - 2022-05-08 12:01:09 --> Expression #2 of SELECT list is not in GROUP BY clause and contains nonaggregated column 'squill_app.booking.users_id' which is not functionally dependent on columns in GROUP BY clause; this is incompatible with sql_mode=only_full_group_by
ERROR - 2022-05-08 12:01:09 --> Expression #1 of SELECT list is not in GROUP BY clause and contains nonaggregated column 'squill_app.address.id' which is not functionally dependent on columns in GROUP BY clause; this is incompatible with sql_mode=only_full_group_by
ERROR - 2022-05-08 12:01:09 --> Expression #4 of SELECT list is not in GROUP BY clause and contains nonaggregated column 'squill_app.users.fcm_token' which is not functionally dependent on columns in GROUP BY clause; this is incompatible with sql_mode=only_full_group_by
ERROR - 2022-05-08 12:01:09 --> Expression #1 of SELECT list is not in GROUP BY clause and contains nonaggregated column 'squill_app.address.id' which is not functionally dependent on columns in GROUP BY clause; this is incompatible with sql_mode=only_full_group_by
ERROR - 2022-05-08 12:01:09 --> Expression #1 of SELECT list is not in GROUP BY clause and contains nonaggregated column 'squill_app.sp_location.city' which is not functionally dependent on columns in GROUP BY clause; this is incompatible with sql_mode=only_full_group_by
ERROR - 2022-05-08 12:01:11 --> Expression #4 of SELECT list is not in GROUP BY clause and contains nonaggregated column 'squill_app.users.fcm_token' which is not functionally dependent on columns in GROUP BY clause; this is incompatible with sql_mode=only_full_group_by
ERROR - 2022-05-08 12:01:11 --> Expression #2 of SELECT list is not in GROUP BY clause and contains nonaggregated column 'squill_app.booking.users_id' which is not functionally dependent on columns in GROUP BY clause; this is incompatible with sql_mode=only_full_group_by
ERROR - 2022-05-08 12:01:11 --> Expression #1 of SELECT list is not in GROUP BY clause and contains nonaggregated column 'squill_app.address.id' which is not functionally dependent on columns in GROUP BY clause; this is incompatible with sql_mode=only_full_group_by
ERROR - 2022-05-08 12:01:11 --> Expression #1 of SELECT list is not in GROUP BY clause and contains nonaggregated column 'squill_app.address.id' which is not functionally dependent on columns in GROUP BY clause; this is incompatible with sql_mode=only_full_group_by
ERROR - 2022-05-08 12:01:12 --> Expression #1 of SELECT list is not in GROUP BY clause and contains nonaggregated column 'squill_app.sp_location.city' which is not functionally dependent on columns in GROUP BY clause; this is incompatible with sql_mode=only_full_group_by
ERROR - 2022-05-08 12:01:13 --> Expression #4 of SELECT list is not in GROUP BY clause and contains nonaggregated column 'squill_app.users.fcm_token' which is not functionally dependent on columns in GROUP BY clause; this is incompatible with sql_mode=only_full_group_by
ERROR - 2022-05-08 12:01:13 --> Expression #1 of SELECT list is not in GROUP BY clause and contains nonaggregated column 'squill_app.address.id' which is not functionally dependent on columns in GROUP BY clause; this is incompatible with sql_mode=only_full_group_by
ERROR - 2022-05-08 12:01:13 --> Expression #2 of SELECT list is not in GROUP BY clause and contains nonaggregated column 'squill_app.booking.users_id' which is not functionally dependent on columns in GROUP BY clause; this is incompatible with sql_mode=only_full_group_by
ERROR - 2022-05-08 12:01:13 --> Expression #1 of SELECT list is not in GROUP BY clause and contains nonaggregated column 'squill_app.address.id' which is not functionally dependent on columns in GROUP BY clause; this is incompatible with sql_mode=only_full_group_by
ERROR - 2022-05-08 12:01:13 --> Expression #1 of SELECT list is not in GROUP BY clause and contains nonaggregated column 'squill_app.sp_location.city' which is not functionally dependent on columns in GROUP BY clause; this is incompatible with sql_mode=only_full_group_by
ERROR - 2022-05-08 12:01:14 --> Expression #2 of SELECT list is not in GROUP BY clause and contains nonaggregated column 'squill_app.booking.users_id' which is not functionally dependent on columns in GROUP BY clause; this is incompatible with sql_mode=only_full_group_by
ERROR - 2022-05-08 12:01:14 --> Expression #1 of SELECT list is not in GROUP BY clause and contains nonaggregated column 'squill_app.address.id' which is not functionally dependent on columns in GROUP BY clause; this is incompatible with sql_mode=only_full_group_by
ERROR - 2022-05-08 12:01:15 --> Expression #4 of SELECT list is not in GROUP BY clause and contains nonaggregated column 'squill_app.users.fcm_token' which is not functionally dependent on columns in GROUP BY clause; this is incompatible with sql_mode=only_full_group_by
ERROR - 2022-05-08 12:01:15 --> Expression #1 of SELECT list is not in GROUP BY clause and contains nonaggregated column 'squill_app.address.id' which is not functionally dependent on columns in GROUP BY clause; this is incompatible with sql_mode=only_full_group_by
ERROR - 2022-05-08 12:01:15 --> Expression #1 of SELECT list is not in GROUP BY clause and contains nonaggregated column 'squill_app.sp_location.city' which is not functionally dependent on columns in GROUP BY clause; this is incompatible with sql_mode=only_full_group_by
ERROR - 2022-05-08 12:01:16 --> Expression #1 of SELECT list is not in GROUP BY clause and contains nonaggregated column 'squill_app.address.id' which is not functionally dependent on columns in GROUP BY clause; this is incompatible with sql_mode=only_full_group_by
ERROR - 2022-05-08 12:01:16 --> Expression #2 of SELECT list is not in GROUP BY clause and contains nonaggregated column 'squill_app.booking.users_id' which is not functionally dependent on columns in GROUP BY clause; this is incompatible with sql_mode=only_full_group_by
ERROR - 2022-05-08 12:01:16 --> Expression #4 of SELECT list is not in GROUP BY clause and contains nonaggregated column 'squill_app.users.fcm_token' which is not functionally dependent on columns in GROUP BY clause; this is incompatible with sql_mode=only_full_group_by
ERROR - 2022-05-08 12:01:16 --> Expression #1 of SELECT list is not in GROUP BY clause and contains nonaggregated column 'squill_app.address.id' which is not functionally dependent on columns in GROUP BY clause; this is incompatible with sql_mode=only_full_group_by
ERROR - 2022-05-08 12:01:16 --> Expression #1 of SELECT list is not in GROUP BY clause and contains nonaggregated column 'squill_app.sp_location.city' which is not functionally dependent on columns in GROUP BY clause; this is incompatible with sql_mode=only_full_group_by
ERROR - 2022-05-08 12:01:17 --> Expression #2 of SELECT list is not in GROUP BY clause and contains nonaggregated column 'squill_app.booking.users_id' which is not functionally dependent on columns in GROUP BY clause; this is incompatible with sql_mode=only_full_group_by
ERROR - 2022-05-08 12:01:17 --> Expression #1 of SELECT list is not in GROUP BY clause and contains nonaggregated column 'squill_app.address.id' which is not functionally dependent on columns in GROUP BY clause; this is incompatible with sql_mode=only_full_group_by
ERROR - 2022-05-08 12:01:17 --> Expression #4 of SELECT list is not in GROUP BY clause and contains nonaggregated column 'squill_app.users.fcm_token' which is not functionally dependent on columns in GROUP BY clause; this is incompatible with sql_mode=only_full_group_by
ERROR - 2022-05-08 12:01:17 --> Expression #1 of SELECT list is not in GROUP BY clause and contains nonaggregated column 'squill_app.address.id' which is not functionally dependent on columns in GROUP BY clause; this is incompatible with sql_mode=only_full_group_by
ERROR - 2022-05-08 12:01:17 --> Expression #1 of SELECT list is not in GROUP BY clause and contains nonaggregated column 'squill_app.sp_location.city' which is not functionally dependent on columns in GROUP BY clause; this is incompatible with sql_mode=only_full_group_by
ERROR - 2022-05-08 12:01:20 --> Expression #2 of SELECT list is not in GROUP BY clause and contains nonaggregated column 'squill_app.booking.users_id' which is not functionally dependent on columns in GROUP BY clause; this is incompatible with sql_mode=only_full_group_by
ERROR - 2022-05-08 12:01:20 --> Expression #1 of SELECT list is not in GROUP BY clause and contains nonaggregated column 'squill_app.address.id' which is not functionally dependent on columns in GROUP BY clause; this is incompatible with sql_mode=only_full_group_by
ERROR - 2022-05-08 12:01:20 --> Expression #4 of SELECT list is not in GROUP BY clause and contains nonaggregated column 'squill_app.users.fcm_token' which is not functionally dependent on columns in GROUP BY clause; this is incompatible with sql_mode=only_full_group_by
ERROR - 2022-05-08 12:01:20 --> Expression #1 of SELECT list is not in GROUP BY clause and contains nonaggregated column 'squill_app.address.id' which is not functionally dependent on columns in GROUP BY clause; this is incompatible with sql_mode=only_full_group_by
ERROR - 2022-05-08 12:01:20 --> Expression #1 of SELECT list is not in GROUP BY clause and contains nonaggregated column 'squill_app.sp_location.city' which is not functionally dependent on columns in GROUP BY clause; this is incompatible with sql_mode=only_full_group_by
ERROR - 2022-05-08 12:01:21 --> Expression #1 of SELECT list is not in GROUP BY clause and contains nonaggregated column 'squill_app.address.id' which is not functionally dependent on columns in GROUP BY clause; this is incompatible with sql_mode=only_full_group_by
ERROR - 2022-05-08 12:01:22 --> Expression #2 of SELECT list is not in GROUP BY clause and contains nonaggregated column 'squill_app.booking.users_id' which is not functionally dependent on columns in GROUP BY clause; this is incompatible with sql_mode=only_full_group_by
ERROR - 2022-05-08 12:01:22 --> Expression #4 of SELECT list is not in GROUP BY clause and contains nonaggregated column 'squill_app.users.fcm_token' which is not functionally dependent on columns in GROUP BY clause; this is incompatible with sql_mode=only_full_group_by
ERROR - 2022-05-08 12:01:22 --> Expression #1 of SELECT list is not in GROUP BY clause and contains nonaggregated column 'squill_app.address.id' which is not functionally dependent on columns in GROUP BY clause; this is incompatible with sql_mode=only_full_group_by
ERROR - 2022-05-08 12:01:22 --> Expression #1 of SELECT list is not in GROUP BY clause and contains nonaggregated column 'squill_app.sp_location.city' which is not functionally dependent on columns in GROUP BY clause; this is incompatible with sql_mode=only_full_group_by
ERROR - 2022-05-08 12:01:23 --> Expression #2 of SELECT list is not in GROUP BY clause and contains nonaggregated column 'squill_app.booking.users_id' which is not functionally dependent on columns in GROUP BY clause; this is incompatible with sql_mode=only_full_group_by
ERROR - 2022-05-08 12:01:23 --> Expression #1 of SELECT list is not in GROUP BY clause and contains nonaggregated column 'squill_app.address.id' which is not functionally dependent on columns in GROUP BY clause; this is incompatible with sql_mode=only_full_group_by
ERROR - 2022-05-08 12:01:23 --> Expression #4 of SELECT list is not in GROUP BY clause and contains nonaggregated column 'squill_app.users.fcm_token' which is not functionally dependent on columns in GROUP BY clause; this is incompatible with sql_mode=only_full_group_by
ERROR - 2022-05-08 12:01:23 --> Expression #2 of SELECT list is not in GROUP BY clause and contains nonaggregated column 'squill_app.booking.users_id' which is not functionally dependent on columns in GROUP BY clause; this is incompatible with sql_mode=only_full_group_by
ERROR - 2022-05-08 12:01:23 --> Expression #1 of SELECT list is not in GROUP BY clause and contains nonaggregated column 'squill_app.address.id' which is not functionally dependent on columns in GROUP BY clause; this is incompatible with sql_mode=only_full_group_by
ERROR - 2022-05-08 12:01:23 --> Expression #1 of SELECT list is not in GROUP BY clause and contains nonaggregated column 'squill_app.address.id' which is not functionally dependent on columns in GROUP BY clause; this is incompatible with sql_mode=only_full_group_by
ERROR - 2022-05-08 12:01:23 --> Expression #1 of SELECT list is not in GROUP BY clause and contains nonaggregated column 'squill_app.address.id' which is not functionally dependent on columns in GROUP BY clause; this is incompatible with sql_mode=only_full_group_by
ERROR - 2022-05-08 12:01:23 --> Expression #4 of SELECT list is not in GROUP BY clause and contains nonaggregated column 'squill_app.users.fcm_token' which is not functionally dependent on columns in GROUP BY clause; this is incompatible with sql_mode=only_full_group_by
ERROR - 2022-05-08 12:01:23 --> Expression #1 of SELECT list is not in GROUP BY clause and contains nonaggregated column 'squill_app.sp_location.city' which is not functionally dependent on columns in GROUP BY clause; this is incompatible with sql_mode=only_full_group_by
ERROR - 2022-05-08 12:01:24 --> Expression #1 of SELECT list is not in GROUP BY clause and contains nonaggregated column 'squill_app.sp_location.city' which is not functionally dependent on columns in GROUP BY clause; this is incompatible with sql_mode=only_full_group_by
ERROR - 2022-05-08 12:01:26 --> Expression #1 of SELECT list is not in GROUP BY clause and contains nonaggregated column 'squill_app.address.id' which is not functionally dependent on columns in GROUP BY clause; this is incompatible with sql_mode=only_full_group_by
ERROR - 2022-05-08 12:01:26 --> Expression #1 of SELECT list is not in GROUP BY clause and contains nonaggregated column 'squill_app.address.id' which is not functionally dependent on columns in GROUP BY clause; this is incompatible with sql_mode=only_full_group_by
ERROR - 2022-05-08 12:01:33 --> Expression #2 of SELECT list is not in GROUP BY clause and contains nonaggregated column 'squill_app.booking.users_id' which is not functionally dependent on columns in GROUP BY clause; this is incompatible with sql_mode=only_full_group_by
ERROR - 2022-05-08 12:01:33 --> Expression #1 of SELECT list is not in GROUP BY clause and contains nonaggregated column 'squill_app.address.id' which is not functionally dependent on columns in GROUP BY clause; this is incompatible with sql_mode=only_full_group_by
ERROR - 2022-05-08 12:01:33 --> Expression #4 of SELECT list is not in GROUP BY clause and contains nonaggregated column 'squill_app.users.fcm_token' which is not functionally dependent on columns in GROUP BY clause; this is incompatible with sql_mode=only_full_group_by
ERROR - 2022-05-08 12:01:33 --> Expression #1 of SELECT list is not in GROUP BY clause and contains nonaggregated column 'squill_app.address.id' which is not functionally dependent on columns in GROUP BY clause; this is incompatible with sql_mode=only_full_group_by
ERROR - 2022-05-08 12:01:33 --> Expression #1 of SELECT list is not in GROUP BY clause and contains nonaggregated column 'squill_app.sp_location.city' which is not functionally dependent on columns in GROUP BY clause; this is incompatible with sql_mode=only_full_group_by
ERROR - 2022-05-08 12:01:36 --> Expression #2 of SELECT list is not in GROUP BY clause and contains nonaggregated column 'squill_app.booking.users_id' which is not functionally dependent on columns in GROUP BY clause; this is incompatible with sql_mode=only_full_group_by
ERROR - 2022-05-08 12:01:36 --> Expression #1 of SELECT list is not in GROUP BY clause and contains nonaggregated column 'squill_app.address.id' which is not functionally dependent on columns in GROUP BY clause; this is incompatible with sql_mode=only_full_group_by
ERROR - 2022-05-08 12:01:36 --> Expression #4 of SELECT list is not in GROUP BY clause and contains nonaggregated column 'squill_app.users.fcm_token' which is not functionally dependent on columns in GROUP BY clause; this is incompatible with sql_mode=only_full_group_by
ERROR - 2022-05-08 12:01:36 --> Expression #1 of SELECT list is not in GROUP BY clause and contains nonaggregated column 'squill_app.address.id' which is not functionally dependent on columns in GROUP BY clause; this is incompatible with sql_mode=only_full_group_by
ERROR - 2022-05-08 12:01:36 --> Expression #1 of SELECT list is not in GROUP BY clause and contains nonaggregated column 'squill_app.sp_location.city' which is not functionally dependent on columns in GROUP BY clause; this is incompatible with sql_mode=only_full_group_by
ERROR - 2022-05-08 12:01:39 --> Expression #2 of SELECT list is not in GROUP BY clause and contains nonaggregated column 'squill_app.booking.users_id' which is not functionally dependent on columns in GROUP BY clause; this is incompatible with sql_mode=only_full_group_by
ERROR - 2022-05-08 12:01:39 --> Expression #1 of SELECT list is not in GROUP BY clause and contains nonaggregated column 'squill_app.address.id' which is not functionally dependent on columns in GROUP BY clause; this is incompatible with sql_mode=only_full_group_by
ERROR - 2022-05-08 12:01:39 --> Expression #4 of SELECT list is not in GROUP BY clause and contains nonaggregated column 'squill_app.users.fcm_token' which is not functionally dependent on columns in GROUP BY clause; this is incompatible with sql_mode=only_full_group_by
ERROR - 2022-05-08 12:01:39 --> Expression #1 of SELECT list is not in GROUP BY clause and contains nonaggregated column 'squill_app.address.id' which is not functionally dependent on columns in GROUP BY clause; this is incompatible with sql_mode=only_full_group_by
ERROR - 2022-05-08 12:01:39 --> Expression #1 of SELECT list is not in GROUP BY clause and contains nonaggregated column 'squill_app.sp_location.city' which is not functionally dependent on columns in GROUP BY clause; this is incompatible with sql_mode=only_full_group_by
ERROR - 2022-05-08 12:01:43 --> Expression #1 of SELECT list is not in GROUP BY clause and contains nonaggregated column 'squill_app.address.id' which is not functionally dependent on columns in GROUP BY clause; this is incompatible with sql_mode=only_full_group_by
ERROR - 2022-05-08 12:01:43 --> Expression #2 of SELECT list is not in GROUP BY clause and contains nonaggregated column 'squill_app.booking.users_id' which is not functionally dependent on columns in GROUP BY clause; this is incompatible with sql_mode=only_full_group_by
ERROR - 2022-05-08 12:01:43 --> Expression #4 of SELECT list is not in GROUP BY clause and contains nonaggregated column 'squill_app.users.fcm_token' which is not functionally dependent on columns in GROUP BY clause; this is incompatible with sql_mode=only_full_group_by
ERROR - 2022-05-08 12:01:44 --> Expression #1 of SELECT list is not in GROUP BY clause and contains nonaggregated column 'squill_app.address.id' which is not functionally dependent on columns in GROUP BY clause; this is incompatible with sql_mode=only_full_group_by
ERROR - 2022-05-08 12:01:44 --> Expression #1 of SELECT list is not in GROUP BY clause and contains nonaggregated column 'squill_app.sp_location.city' which is not functionally dependent on columns in GROUP BY clause; this is incompatible with sql_mode=only_full_group_by
ERROR - 2022-05-08 12:01:45 --> Expression #1 of SELECT list is not in GROUP BY clause and contains nonaggregated column 'squill_app.address.id' which is not functionally dependent on columns in GROUP BY clause; this is incompatible with sql_mode=only_full_group_by
ERROR - 2022-05-08 12:01:45 --> Expression #1 of SELECT list is not in GROUP BY clause and contains nonaggregated column 'squill_app.address.id' which is not functionally dependent on columns in GROUP BY clause; this is incompatible with sql_mode=only_full_group_by
ERROR - 2022-05-08 12:01:50 --> Expression #2 of SELECT list is not in GROUP BY clause and contains nonaggregated column 'squill_app.booking.users_id' which is not functionally dependent on columns in GROUP BY clause; this is incompatible with sql_mode=only_full_group_by
ERROR - 2022-05-08 12:01:50 --> Expression #1 of SELECT list is not in GROUP BY clause and contains nonaggregated column 'squill_app.address.id' which is not functionally dependent on columns in GROUP BY clause; this is incompatible with sql_mode=only_full_group_by
ERROR - 2022-05-08 12:01:50 --> Expression #4 of SELECT list is not in GROUP BY clause and contains nonaggregated column 'squill_app.users.fcm_token' which is not functionally dependent on columns in GROUP BY clause; this is incompatible with sql_mode=only_full_group_by
ERROR - 2022-05-08 12:01:50 --> Expression #1 of SELECT list is not in GROUP BY clause and contains nonaggregated column 'squill_app.address.id' which is not functionally dependent on columns in GROUP BY clause; this is incompatible with sql_mode=only_full_group_by
ERROR - 2022-05-08 12:01:50 --> Expression #1 of SELECT list is not in GROUP BY clause and contains nonaggregated column 'squill_app.sp_location.city' which is not functionally dependent on columns in GROUP BY clause; this is incompatible with sql_mode=only_full_group_by
ERROR - 2022-05-08 12:01:53 --> Expression #2 of SELECT list is not in GROUP BY clause and contains nonaggregated column 'squill_app.booking.users_id' which is not functionally dependent on columns in GROUP BY clause; this is incompatible with sql_mode=only_full_group_by
ERROR - 2022-05-08 12:01:53 --> Expression #4 of SELECT list is not in GROUP BY clause and contains nonaggregated column 'squill_app.users.fcm_token' which is not functionally dependent on columns in GROUP BY clause; this is incompatible with sql_mode=only_full_group_by
ERROR - 2022-05-08 12:01:53 --> Expression #1 of SELECT list is not in GROUP BY clause and contains nonaggregated column 'squill_app.address.id' which is not functionally dependent on columns in GROUP BY clause; this is incompatible with sql_mode=only_full_group_by
ERROR - 2022-05-08 12:01:53 --> Expression #1 of SELECT list is not in GROUP BY clause and contains nonaggregated column 'squill_app.address.id' which is not functionally dependent on columns in GROUP BY clause; this is incompatible with sql_mode=only_full_group_by
ERROR - 2022-05-08 12:01:53 --> Expression #2 of SELECT list is not in GROUP BY clause and contains nonaggregated column 'squill_app.booking.users_id' which is not functionally dependent on columns in GROUP BY clause; this is incompatible with sql_mode=only_full_group_by
ERROR - 2022-05-08 12:01:53 --> Expression #1 of SELECT list is not in GROUP BY clause and contains nonaggregated column 'squill_app.address.id' which is not functionally dependent on columns in GROUP BY clause; this is incompatible with sql_mode=only_full_group_by
ERROR - 2022-05-08 12:01:53 --> Expression #1 of SELECT list is not in GROUP BY clause and contains nonaggregated column 'squill_app.sp_location.city' which is not functionally dependent on columns in GROUP BY clause; this is incompatible with sql_mode=only_full_group_by
ERROR - 2022-05-08 12:01:53 --> Expression #4 of SELECT list is not in GROUP BY clause and contains nonaggregated column 'squill_app.users.fcm_token' which is not functionally dependent on columns in GROUP BY clause; this is incompatible with sql_mode=only_full_group_by
ERROR - 2022-05-08 12:01:53 --> Expression #1 of SELECT list is not in GROUP BY clause and contains nonaggregated column 'squill_app.address.id' which is not functionally dependent on columns in GROUP BY clause; this is incompatible with sql_mode=only_full_group_by
ERROR - 2022-05-08 12:01:53 --> Expression #1 of SELECT list is not in GROUP BY clause and contains nonaggregated column 'squill_app.sp_location.city' which is not functionally dependent on columns in GROUP BY clause; this is incompatible with sql_mode=only_full_group_by
ERROR - 2022-05-08 12:01:56 --> Expression #2 of SELECT list is not in GROUP BY clause and contains nonaggregated column 'squill_app.booking.users_id' which is not functionally dependent on columns in GROUP BY clause; this is incompatible with sql_mode=only_full_group_by
ERROR - 2022-05-08 12:01:56 --> Expression #1 of SELECT list is not in GROUP BY clause and contains nonaggregated column 'squill_app.address.id' which is not functionally dependent on columns in GROUP BY clause; this is incompatible with sql_mode=only_full_group_by
ERROR - 2022-05-08 12:01:56 --> Expression #4 of SELECT list is not in GROUP BY clause and contains nonaggregated column 'squill_app.users.fcm_token' which is not functionally dependent on columns in GROUP BY clause; this is incompatible with sql_mode=only_full_group_by
ERROR - 2022-05-08 12:01:56 --> Expression #1 of SELECT list is not in GROUP BY clause and contains nonaggregated column 'squill_app.address.id' which is not functionally dependent on columns in GROUP BY clause; this is incompatible with sql_mode=only_full_group_by
ERROR - 2022-05-08 12:01:57 --> Expression #1 of SELECT list is not in GROUP BY clause and contains nonaggregated column 'squill_app.sp_location.city' which is not functionally dependent on columns in GROUP BY clause; this is incompatible with sql_mode=only_full_group_by
ERROR - 2022-05-08 12:02:08 --> Expression #1 of SELECT list is not in GROUP BY clause and contains nonaggregated column 'squill_app.address.id' which is not functionally dependent on columns in GROUP BY clause; this is incompatible with sql_mode=only_full_group_by
ERROR - 2022-05-08 12:02:08 --> Expression #4 of SELECT list is not in GROUP BY clause and contains nonaggregated column 'squill_app.users.fcm_token' which is not functionally dependent on columns in GROUP BY clause; this is incompatible with sql_mode=only_full_group_by
ERROR - 2022-05-08 12:02:08 --> Expression #1 of SELECT list is not in GROUP BY clause and contains nonaggregated column 'squill_app.address.id' which is not functionally dependent on columns in GROUP BY clause; this is incompatible with sql_mode=only_full_group_by
ERROR - 2022-05-08 12:02:08 --> Expression #2 of SELECT list is not in GROUP BY clause and contains nonaggregated column 'squill_app.booking.users_id' which is not functionally dependent on columns in GROUP BY clause; this is incompatible with sql_mode=only_full_group_by
ERROR - 2022-05-08 12:02:08 --> Expression #1 of SELECT list is not in GROUP BY clause and contains nonaggregated column 'squill_app.sp_location.city' which is not functionally dependent on columns in GROUP BY clause; this is incompatible with sql_mode=only_full_group_by
ERROR - 2022-05-08 12:02:09 --> Expression #1 of SELECT list is not in GROUP BY clause and contains nonaggregated column 'squill_app.address.id' which is not functionally dependent on columns in GROUP BY clause; this is incompatible with sql_mode=only_full_group_by
ERROR - 2022-05-08 12:02:09 --> Expression #2 of SELECT list is not in GROUP BY clause and contains nonaggregated column 'squill_app.booking.users_id' which is not functionally dependent on columns in GROUP BY clause; this is incompatible with sql_mode=only_full_group_by
ERROR - 2022-05-08 12:02:09 --> Expression #1 of SELECT list is not in GROUP BY clause and contains nonaggregated column 'squill_app.address.id' which is not functionally dependent on columns in GROUP BY clause; this is incompatible with sql_mode=only_full_group_by
ERROR - 2022-05-08 12:02:09 --> Expression #4 of SELECT list is not in GROUP BY clause and contains nonaggregated column 'squill_app.users.fcm_token' which is not functionally dependent on columns in GROUP BY clause; this is incompatible with sql_mode=only_full_group_by
ERROR - 2022-05-08 12:02:10 --> Expression #1 of SELECT list is not in GROUP BY clause and contains nonaggregated column 'squill_app.sp_location.city' which is not functionally dependent on columns in GROUP BY clause; this is incompatible with sql_mode=only_full_group_by
ERROR - 2022-05-08 12:02:11 --> Expression #2 of SELECT list is not in GROUP BY clause and contains nonaggregated column 'squill_app.booking.users_id' which is not functionally dependent on columns in GROUP BY clause; this is incompatible with sql_mode=only_full_group_by
ERROR - 2022-05-08 12:02:11 --> Expression #1 of SELECT list is not in GROUP BY clause and contains nonaggregated column 'squill_app.address.id' which is not functionally dependent on columns in GROUP BY clause; this is incompatible with sql_mode=only_full_group_by
ERROR - 2022-05-08 12:02:11 --> Expression #1 of SELECT list is not in GROUP BY clause and contains nonaggregated column 'squill_app.address.id' which is not functionally dependent on columns in GROUP BY clause; this is incompatible with sql_mode=only_full_group_by
ERROR - 2022-05-08 12:02:11 --> Expression #4 of SELECT list is not in GROUP BY clause and contains nonaggregated column 'squill_app.users.fcm_token' which is not functionally dependent on columns in GROUP BY clause; this is incompatible with sql_mode=only_full_group_by
ERROR - 2022-05-08 12:02:11 --> Expression #1 of SELECT list is not in GROUP BY clause and contains nonaggregated column 'squill_app.sp_location.city' which is not functionally dependent on columns in GROUP BY clause; this is incompatible with sql_mode=only_full_group_by
ERROR - 2022-05-08 12:02:13 --> Expression #2 of SELECT list is not in GROUP BY clause and contains nonaggregated column 'squill_app.booking.users_id' which is not functionally dependent on columns in GROUP BY clause; this is incompatible with sql_mode=only_full_group_by
ERROR - 2022-05-08 12:02:13 --> Expression #1 of SELECT list is not in GROUP BY clause and contains nonaggregated column 'squill_app.address.id' which is not functionally dependent on columns in GROUP BY clause; this is incompatible with sql_mode=only_full_group_by
ERROR - 2022-05-08 12:02:13 --> Expression #4 of SELECT list is not in GROUP BY clause and contains nonaggregated column 'squill_app.users.fcm_token' which is not functionally dependent on columns in GROUP BY clause; this is incompatible with sql_mode=only_full_group_by
ERROR - 2022-05-08 12:02:13 --> Expression #1 of SELECT list is not in GROUP BY clause and contains nonaggregated column 'squill_app.address.id' which is not functionally dependent on columns in GROUP BY clause; this is incompatible with sql_mode=only_full_group_by
ERROR - 2022-05-08 12:02:13 --> Expression #1 of SELECT list is not in GROUP BY clause and contains nonaggregated column 'squill_app.sp_location.city' which is not functionally dependent on columns in GROUP BY clause; this is incompatible with sql_mode=only_full_group_by
ERROR - 2022-05-08 12:02:42 --> Expression #4 of SELECT list is not in GROUP BY clause and contains nonaggregated column 'squill_app.users.fcm_token' which is not functionally dependent on columns in GROUP BY clause; this is incompatible with sql_mode=only_full_group_by
ERROR - 2022-05-08 12:02:42 --> Expression #2 of SELECT list is not in GROUP BY clause and contains nonaggregated column 'squill_app.booking.users_id' which is not functionally dependent on columns in GROUP BY clause; this is incompatible with sql_mode=only_full_group_by
ERROR - 2022-05-08 12:02:42 --> Expression #1 of SELECT list is not in GROUP BY clause and contains nonaggregated column 'squill_app.address.id' which is not functionally dependent on columns in GROUP BY clause; this is incompatible with sql_mode=only_full_group_by
ERROR - 2022-05-08 12:02:42 --> Expression #1 of SELECT list is not in GROUP BY clause and contains nonaggregated column 'squill_app.address.id' which is not functionally dependent on columns in GROUP BY clause; this is incompatible with sql_mode=only_full_group_by
ERROR - 2022-05-08 12:02:43 --> Expression #1 of SELECT list is not in GROUP BY clause and contains nonaggregated column 'squill_app.sp_location.city' which is not functionally dependent on columns in GROUP BY clause; this is incompatible with sql_mode=only_full_group_by
ERROR - 2022-05-08 12:02:46 --> Expression #4 of SELECT list is not in GROUP BY clause and contains nonaggregated column 'squill_app.users.fcm_token' which is not functionally dependent on columns in GROUP BY clause; this is incompatible with sql_mode=only_full_group_by
ERROR - 2022-05-08 12:02:46 --> Expression #2 of SELECT list is not in GROUP BY clause and contains nonaggregated column 'squill_app.booking.users_id' which is not functionally dependent on columns in GROUP BY clause; this is incompatible with sql_mode=only_full_group_by
ERROR - 2022-05-08 12:02:46 --> Expression #1 of SELECT list is not in GROUP BY clause and contains nonaggregated column 'squill_app.address.id' which is not functionally dependent on columns in GROUP BY clause; this is incompatible with sql_mode=only_full_group_by
ERROR - 2022-05-08 12:02:46 --> Expression #1 of SELECT list is not in GROUP BY clause and contains nonaggregated column 'squill_app.address.id' which is not functionally dependent on columns in GROUP BY clause; this is incompatible with sql_mode=only_full_group_by
ERROR - 2022-05-08 12:02:47 --> Expression #1 of SELECT list is not in GROUP BY clause and contains nonaggregated column 'squill_app.sp_location.city' which is not functionally dependent on columns in GROUP BY clause; this is incompatible with sql_mode=only_full_group_by
ERROR - 2022-05-08 12:02:48 --> Expression #4 of SELECT list is not in GROUP BY clause and contains nonaggregated column 'squill_app.users.fcm_token' which is not functionally dependent on columns in GROUP BY clause; this is incompatible with sql_mode=only_full_group_by
ERROR - 2022-05-08 12:02:48 --> Expression #2 of SELECT list is not in GROUP BY clause and contains nonaggregated column 'squill_app.booking.users_id' which is not functionally dependent on columns in GROUP BY clause; this is incompatible with sql_mode=only_full_group_by
ERROR - 2022-05-08 12:02:48 --> Expression #1 of SELECT list is not in GROUP BY clause and contains nonaggregated column 'squill_app.address.id' which is not functionally dependent on columns in GROUP BY clause; this is incompatible with sql_mode=only_full_group_by
ERROR - 2022-05-08 12:02:48 --> Expression #1 of SELECT list is not in GROUP BY clause and contains nonaggregated column 'squill_app.address.id' which is not functionally dependent on columns in GROUP BY clause; this is incompatible with sql_mode=only_full_group_by
ERROR - 2022-05-08 12:02:48 --> Expression #1 of SELECT list is not in GROUP BY clause and contains nonaggregated column 'squill_app.sp_location.city' which is not functionally dependent on columns in GROUP BY clause; this is incompatible with sql_mode=only_full_group_by
ERROR - 2022-05-08 12:02:50 --> Expression #2 of SELECT list is not in GROUP BY clause and contains nonaggregated column 'squill_app.booking.users_id' which is not functionally dependent on columns in GROUP BY clause; this is incompatible with sql_mode=only_full_group_by
ERROR - 2022-05-08 12:02:50 --> Expression #1 of SELECT list is not in GROUP BY clause and contains nonaggregated column 'squill_app.address.id' which is not functionally dependent on columns in GROUP BY clause; this is incompatible with sql_mode=only_full_group_by
ERROR - 2022-05-08 12:02:50 --> Expression #4 of SELECT list is not in GROUP BY clause and contains nonaggregated column 'squill_app.users.fcm_token' which is not functionally dependent on columns in GROUP BY clause; this is incompatible with sql_mode=only_full_group_by
ERROR - 2022-05-08 12:02:51 --> Expression #1 of SELECT list is not in GROUP BY clause and contains nonaggregated column 'squill_app.address.id' which is not functionally dependent on columns in GROUP BY clause; this is incompatible with sql_mode=only_full_group_by
ERROR - 2022-05-08 12:02:51 --> Expression #1 of SELECT list is not in GROUP BY clause and contains nonaggregated column 'squill_app.sp_location.city' which is not functionally dependent on columns in GROUP BY clause; this is incompatible with sql_mode=only_full_group_by
ERROR - 2022-05-08 12:04:56 --> Expression #2 of SELECT list is not in GROUP BY clause and contains nonaggregated column 'squill_app.booking.users_id' which is not functionally dependent on columns in GROUP BY clause; this is incompatible with sql_mode=only_full_group_by
ERROR - 2022-05-08 12:04:56 --> Expression #4 of SELECT list is not in GROUP BY clause and contains nonaggregated column 'squill_app.users.fcm_token' which is not functionally dependent on columns in GROUP BY clause; this is incompatible with sql_mode=only_full_group_by
ERROR - 2022-05-08 12:04:56 --> Expression #1 of SELECT list is not in GROUP BY clause and contains nonaggregated column 'squill_app.address.id' which is not functionally dependent on columns in GROUP BY clause; this is incompatible with sql_mode=only_full_group_by
ERROR - 2022-05-08 12:04:56 --> Expression #1 of SELECT list is not in GROUP BY clause and contains nonaggregated column 'squill_app.address.id' which is not functionally dependent on columns in GROUP BY clause; this is incompatible with sql_mode=only_full_group_by
ERROR - 2022-05-08 12:04:56 --> Expression #1 of SELECT list is not in GROUP BY clause and contains nonaggregated column 'squill_app.sp_location.city' which is not functionally dependent on columns in GROUP BY clause; this is incompatible with sql_mode=only_full_group_by
ERROR - 2022-05-08 12:04:58 --> Expression #1 of SELECT list is not in GROUP BY clause and contains nonaggregated column 'squill_app.address.id' which is not functionally dependent on columns in GROUP BY clause; this is incompatible with sql_mode=only_full_group_by
ERROR - 2022-05-08 12:04:59 --> Expression #1 of SELECT list is not in GROUP BY clause and contains nonaggregated column 'squill_app.address.id' which is not functionally dependent on columns in GROUP BY clause; this is incompatible with sql_mode=only_full_group_by
ERROR - 2022-05-08 12:05:20 --> Expression #1 of SELECT list is not in GROUP BY clause and contains nonaggregated column 'squill_app.sp_location.id' which is not functionally dependent on columns in GROUP BY clause; this is incompatible with sql_mode=only_full_group_by
ERROR - 2022-05-08 12:05:26 --> Expression #1 of SELECT list is not in GROUP BY clause and contains nonaggregated column 'squill_app.address.id' which is not functionally dependent on columns in GROUP BY clause; this is incompatible with sql_mode=only_full_group_by
ERROR - 2022-05-08 12:05:26 --> Expression #1 of SELECT list is not in GROUP BY clause and contains nonaggregated column 'squill_app.address.id' which is not functionally dependent on columns in GROUP BY clause; this is incompatible with sql_mode=only_full_group_by
ERROR - 2022-05-08 12:05:46 --> Expression #1 of SELECT list is not in GROUP BY clause and contains nonaggregated column 'squill_app.address.id' which is not functionally dependent on columns in GROUP BY clause; this is incompatible with sql_mode=only_full_group_by
ERROR - 2022-05-08 12:06:30 --> Expression #1 of SELECT list is not in GROUP BY clause and contains nonaggregated column 'squill_app.address.id' which is not functionally dependent on columns in GROUP BY clause; this is incompatible with sql_mode=only_full_group_by
ERROR - 2022-05-08 12:06:35 --> Expression #1 of SELECT list is not in GROUP BY clause and contains nonaggregated column 'squill_app.address.id' which is not functionally dependent on columns in GROUP BY clause; this is incompatible with sql_mode=only_full_group_by
ERROR - 2022-05-08 12:07:03 --> Expression #1 of SELECT list is not in GROUP BY clause and contains nonaggregated column 'squill_app.address.id' which is not functionally dependent on columns in GROUP BY clause; this is incompatible with sql_mode=only_full_group_by
ERROR - 2022-05-08 12:07:03 --> Expression #1 of SELECT list is not in GROUP BY clause and contains nonaggregated column 'squill_app.address.id' which is not functionally dependent on columns in GROUP BY clause; this is incompatible with sql_mode=only_full_group_by
ERROR - 2022-05-08 12:07:03 --> Expression #1 of SELECT list is not in GROUP BY clause and contains nonaggregated column 'squill_app.address.id' which is not functionally dependent on columns in GROUP BY clause; this is incompatible with sql_mode=only_full_group_by
ERROR - 2022-05-08 12:07:15 --> Expression #2 of SELECT list is not in GROUP BY clause and contains nonaggregated column 'squill_app.booking.users_id' which is not functionally dependent on columns in GROUP BY clause; this is incompatible with sql_mode=only_full_group_by
ERROR - 2022-05-08 12:07:15 --> Expression #1 of SELECT list is not in GROUP BY clause and contains nonaggregated column 'squill_app.address.id' which is not functionally dependent on columns in GROUP BY clause; this is incompatible with sql_mode=only_full_group_by
ERROR - 2022-05-08 12:07:15 --> Expression #4 of SELECT list is not in GROUP BY clause and contains nonaggregated column 'squill_app.users.fcm_token' which is not functionally dependent on columns in GROUP BY clause; this is incompatible with sql_mode=only_full_group_by
ERROR - 2022-05-08 12:07:15 --> Expression #1 of SELECT list is not in GROUP BY clause and contains nonaggregated column 'squill_app.address.id' which is not functionally dependent on columns in GROUP BY clause; this is incompatible with sql_mode=only_full_group_by
ERROR - 2022-05-08 12:07:15 --> Expression #1 of SELECT list is not in GROUP BY clause and contains nonaggregated column 'squill_app.sp_location.city' which is not functionally dependent on columns in GROUP BY clause; this is incompatible with sql_mode=only_full_group_by
ERROR - 2022-05-08 12:07:17 --> Expression #2 of SELECT list is not in GROUP BY clause and contains nonaggregated column 'squill_app.booking.users_id' which is not functionally dependent on columns in GROUP BY clause; this is incompatible with sql_mode=only_full_group_by
ERROR - 2022-05-08 12:07:17 --> Expression #4 of SELECT list is not in GROUP BY clause and contains nonaggregated column 'squill_app.users.fcm_token' which is not functionally dependent on columns in GROUP BY clause; this is incompatible with sql_mode=only_full_group_by
ERROR - 2022-05-08 12:07:17 --> Expression #1 of SELECT list is not in GROUP BY clause and contains nonaggregated column 'squill_app.address.id' which is not functionally dependent on columns in GROUP BY clause; this is incompatible with sql_mode=only_full_group_by
ERROR - 2022-05-08 12:07:17 --> Expression #1 of SELECT list is not in GROUP BY clause and contains nonaggregated column 'squill_app.address.id' which is not functionally dependent on columns in GROUP BY clause; this is incompatible with sql_mode=only_full_group_by
ERROR - 2022-05-08 12:07:17 --> Expression #1 of SELECT list is not in GROUP BY clause and contains nonaggregated column 'squill_app.sp_location.city' which is not functionally dependent on columns in GROUP BY clause; this is incompatible with sql_mode=only_full_group_by
ERROR - 2022-05-08 12:07:18 --> Expression #2 of SELECT list is not in GROUP BY clause and contains nonaggregated column 'squill_app.booking.users_id' which is not functionally dependent on columns in GROUP BY clause; this is incompatible with sql_mode=only_full_group_by
ERROR - 2022-05-08 12:07:18 --> Expression #4 of SELECT list is not in GROUP BY clause and contains nonaggregated column 'squill_app.users.fcm_token' which is not functionally dependent on columns in GROUP BY clause; this is incompatible with sql_mode=only_full_group_by
ERROR - 2022-05-08 12:07:18 --> Expression #1 of SELECT list is not in GROUP BY clause and contains nonaggregated column 'squill_app.address.id' which is not functionally dependent on columns in GROUP BY clause; this is incompatible with sql_mode=only_full_group_by
ERROR - 2022-05-08 12:07:19 --> Expression #1 of SELECT list is not in GROUP BY clause and contains nonaggregated column 'squill_app.address.id' which is not functionally dependent on columns in GROUP BY clause; this is incompatible with sql_mode=only_full_group_by
ERROR - 2022-05-08 12:07:19 --> Expression #1 of SELECT list is not in GROUP BY clause and contains nonaggregated column 'squill_app.sp_location.city' which is not functionally dependent on columns in GROUP BY clause; this is incompatible with sql_mode=only_full_group_by
ERROR - 2022-05-08 12:07:20 --> Expression #1 of SELECT list is not in GROUP BY clause and contains nonaggregated column 'squill_app.address.id' which is not functionally dependent on columns in GROUP BY clause; this is incompatible with sql_mode=only_full_group_by
ERROR - 2022-05-08 12:07:20 --> Expression #2 of SELECT list is not in GROUP BY clause and contains nonaggregated column 'squill_app.booking.users_id' which is not functionally dependent on columns in GROUP BY clause; this is incompatible with sql_mode=only_full_group_by
ERROR - 2022-05-08 12:07:20 --> Expression #4 of SELECT list is not in GROUP BY clause and contains nonaggregated column 'squill_app.users.fcm_token' which is not functionally dependent on columns in GROUP BY clause; this is incompatible with sql_mode=only_full_group_by
ERROR - 2022-05-08 12:07:21 --> Expression #1 of SELECT list is not in GROUP BY clause and contains nonaggregated column 'squill_app.address.id' which is not functionally dependent on columns in GROUP BY clause; this is incompatible with sql_mode=only_full_group_by
ERROR - 2022-05-08 12:07:21 --> Expression #1 of SELECT list is not in GROUP BY clause and contains nonaggregated column 'squill_app.sp_location.city' which is not functionally dependent on columns in GROUP BY clause; this is incompatible with sql_mode=only_full_group_by
ERROR - 2022-05-08 12:07:24 --> Expression #1 of SELECT list is not in GROUP BY clause and contains nonaggregated column 'squill_app.address.id' which is not functionally dependent on columns in GROUP BY clause; this is incompatible with sql_mode=only_full_group_by
ERROR - 2022-05-08 12:08:01 --> Expression #2 of SELECT list is not in GROUP BY clause and contains nonaggregated column 'squill_app.booking.users_id' which is not functionally dependent on columns in GROUP BY clause; this is incompatible with sql_mode=only_full_group_by
ERROR - 2022-05-08 12:08:01 --> Expression #4 of SELECT list is not in GROUP BY clause and contains nonaggregated column 'squill_app.users.fcm_token' which is not functionally dependent on columns in GROUP BY clause; this is incompatible with sql_mode=only_full_group_by
ERROR - 2022-05-08 12:08:01 --> Expression #1 of SELECT list is not in GROUP BY clause and contains nonaggregated column 'squill_app.address.id' which is not functionally dependent on columns in GROUP BY clause; this is incompatible with sql_mode=only_full_group_by
ERROR - 2022-05-08 12:08:02 --> Expression #1 of SELECT list is not in GROUP BY clause and contains nonaggregated column 'squill_app.address.id' which is not functionally dependent on columns in GROUP BY clause; this is incompatible with sql_mode=only_full_group_by
ERROR - 2022-05-08 12:08:02 --> Expression #1 of SELECT list is not in GROUP BY clause and contains nonaggregated column 'squill_app.sp_location.city' which is not functionally dependent on columns in GROUP BY clause; this is incompatible with sql_mode=only_full_group_by
ERROR - 2022-05-08 12:08:04 --> Expression #2 of SELECT list is not in GROUP BY clause and contains nonaggregated column 'squill_app.booking.users_id' which is not functionally dependent on columns in GROUP BY clause; this is incompatible with sql_mode=only_full_group_by
ERROR - 2022-05-08 12:08:04 --> Expression #1 of SELECT list is not in GROUP BY clause and contains nonaggregated column 'squill_app.address.id' which is not functionally dependent on columns in GROUP BY clause; this is incompatible with sql_mode=only_full_group_by
ERROR - 2022-05-08 12:08:04 --> Expression #4 of SELECT list is not in GROUP BY clause and contains nonaggregated column 'squill_app.users.fcm_token' which is not functionally dependent on columns in GROUP BY clause; this is incompatible with sql_mode=only_full_group_by
ERROR - 2022-05-08 12:08:04 --> Expression #1 of SELECT list is not in GROUP BY clause and contains nonaggregated column 'squill_app.sp_location.city' which is not functionally dependent on columns in GROUP BY clause; this is incompatible with sql_mode=only_full_group_by
ERROR - 2022-05-08 12:08:04 --> Expression #1 of SELECT list is not in GROUP BY clause and contains nonaggregated column 'squill_app.address.id' which is not functionally dependent on columns in GROUP BY clause; this is incompatible with sql_mode=only_full_group_by
ERROR - 2022-05-08 12:08:05 --> Expression #2 of SELECT list is not in GROUP BY clause and contains nonaggregated column 'squill_app.booking.users_id' which is not functionally dependent on columns in GROUP BY clause; this is incompatible with sql_mode=only_full_group_by
ERROR - 2022-05-08 12:08:06 --> Expression #4 of SELECT list is not in GROUP BY clause and contains nonaggregated column 'squill_app.users.fcm_token' which is not functionally dependent on columns in GROUP BY clause; this is incompatible with sql_mode=only_full_group_by
ERROR - 2022-05-08 12:08:06 --> Expression #1 of SELECT list is not in GROUP BY clause and contains nonaggregated column 'squill_app.address.id' which is not functionally dependent on columns in GROUP BY clause; this is incompatible with sql_mode=only_full_group_by
ERROR - 2022-05-08 12:08:06 --> Expression #1 of SELECT list is not in GROUP BY clause and contains nonaggregated column 'squill_app.address.id' which is not functionally dependent on columns in GROUP BY clause; this is incompatible with sql_mode=only_full_group_by
ERROR - 2022-05-08 12:08:06 --> Expression #1 of SELECT list is not in GROUP BY clause and contains nonaggregated column 'squill_app.sp_location.city' which is not functionally dependent on columns in GROUP BY clause; this is incompatible with sql_mode=only_full_group_by
ERROR - 2022-05-08 12:08:07 --> Expression #2 of SELECT list is not in GROUP BY clause and contains nonaggregated column 'squill_app.booking.users_id' which is not functionally dependent on columns in GROUP BY clause; this is incompatible with sql_mode=only_full_group_by
ERROR - 2022-05-08 12:08:07 --> Expression #4 of SELECT list is not in GROUP BY clause and contains nonaggregated column 'squill_app.users.fcm_token' which is not functionally dependent on columns in GROUP BY clause; this is incompatible with sql_mode=only_full_group_by
ERROR - 2022-05-08 12:08:07 --> Expression #1 of SELECT list is not in GROUP BY clause and contains nonaggregated column 'squill_app.address.id' which is not functionally dependent on columns in GROUP BY clause; this is incompatible with sql_mode=only_full_group_by
ERROR - 2022-05-08 12:08:08 --> Expression #1 of SELECT list is not in GROUP BY clause and contains nonaggregated column 'squill_app.address.id' which is not functionally dependent on columns in GROUP BY clause; this is incompatible with sql_mode=only_full_group_by
ERROR - 2022-05-08 12:08:08 --> Expression #1 of SELECT list is not in GROUP BY clause and contains nonaggregated column 'squill_app.sp_location.city' which is not functionally dependent on columns in GROUP BY clause; this is incompatible with sql_mode=only_full_group_by
INFO - 2022-05-08 12:11:46 --> Used the default controller.
ERROR - 2022-05-08 12:36:56 --> Expression #2 of SELECT list is not in GROUP BY clause and contains nonaggregated column 'squill_app.booking.users_id' which is not functionally dependent on columns in GROUP BY clause; this is incompatible with sql_mode=only_full_group_by
ERROR - 2022-05-08 12:36:56 --> Expression #1 of SELECT list is not in GROUP BY clause and contains nonaggregated column 'squill_app.address.id' which is not functionally dependent on columns in GROUP BY clause; this is incompatible with sql_mode=only_full_group_by
ERROR - 2022-05-08 12:36:56 --> Expression #4 of SELECT list is not in GROUP BY clause and contains nonaggregated column 'squill_app.users.fcm_token' which is not functionally dependent on columns in GROUP BY clause; this is incompatible with sql_mode=only_full_group_by
ERROR - 2022-05-08 12:36:57 --> Expression #1 of SELECT list is not in GROUP BY clause and contains nonaggregated column 'squill_app.address.id' which is not functionally dependent on columns in GROUP BY clause; this is incompatible with sql_mode=only_full_group_by
ERROR - 2022-05-08 12:36:57 --> Expression #1 of SELECT list is not in GROUP BY clause and contains nonaggregated column 'squill_app.sp_location.city' which is not functionally dependent on columns in GROUP BY clause; this is incompatible with sql_mode=only_full_group_by
INFO - 2022-05-08 13:08:53 --> Used the default controller.
INFO - 2022-05-08 13:36:56 --> Used the default controller.
ERROR - 2022-05-08 13:44:52 --> Expression #2 of SELECT list is not in GROUP BY clause and contains nonaggregated column 'squill_app.booking.users_id' which is not functionally dependent on columns in GROUP BY clause; this is incompatible with sql_mode=only_full_group_by
ERROR - 2022-05-08 13:44:52 --> Expression #4 of SELECT list is not in GROUP BY clause and contains nonaggregated column 'squill_app.users.fcm_token' which is not functionally dependent on columns in GROUP BY clause; this is incompatible with sql_mode=only_full_group_by
ERROR - 2022-05-08 13:44:52 --> Expression #1 of SELECT list is not in GROUP BY clause and contains nonaggregated column 'squill_app.address.id' which is not functionally dependent on columns in GROUP BY clause; this is incompatible with sql_mode=only_full_group_by
ERROR - 2022-05-08 13:44:52 --> Expression #1 of SELECT list is not in GROUP BY clause and contains nonaggregated column 'squill_app.address.id' which is not functionally dependent on columns in GROUP BY clause; this is incompatible with sql_mode=only_full_group_by
ERROR - 2022-05-08 13:44:52 --> Expression #1 of SELECT list is not in GROUP BY clause and contains nonaggregated column 'squill_app.sp_location.city' which is not functionally dependent on columns in GROUP BY clause; this is incompatible with sql_mode=only_full_group_by
ERROR - 2022-05-08 13:44:55 --> Expression #1 of SELECT list is not in GROUP BY clause and contains nonaggregated column 'squill_app.address.id' which is not functionally dependent on columns in GROUP BY clause; this is incompatible with sql_mode=only_full_group_by
ERROR - 2022-05-08 13:44:55 --> Expression #1 of SELECT list is not in GROUP BY clause and contains nonaggregated column 'squill_app.address.id' which is not functionally dependent on columns in GROUP BY clause; this is incompatible with sql_mode=only_full_group_by
INFO - 2022-05-08 14:14:02 --> Used the default controller.
INFO - 2022-05-08 14:23:23 --> Used the default controller.
INFO - 2022-05-08 14:39:06 --> Used the default controller.
INFO - 2022-05-08 14:39:41 --> Used the default controller.
INFO - 2022-05-08 16:11:18 --> Used the default controller.
INFO - 2022-05-08 16:52:43 --> Used the default controller.
INFO - 2022-05-08 17:14:03 --> Used the default controller.
INFO - 2022-05-08 17:23:21 --> Used the default controller.
ERROR - 2022-05-08 18:01:12 --> Expression #2 of SELECT list is not in GROUP BY clause and contains nonaggregated column 'squill_app.booking.users_id' which is not functionally dependent on columns in GROUP BY clause; this is incompatible with sql_mode=only_full_group_by
ERROR - 2022-05-08 18:01:12 --> Expression #4 of SELECT list is not in GROUP BY clause and contains nonaggregated column 'squill_app.users.fcm_token' which is not functionally dependent on columns in GROUP BY clause; this is incompatible with sql_mode=only_full_group_by
ERROR - 2022-05-08 18:01:12 --> Expression #1 of SELECT list is not in GROUP BY clause and contains nonaggregated column 'squill_app.address.id' which is not functionally dependent on columns in GROUP BY clause; this is incompatible with sql_mode=only_full_group_by
ERROR - 2022-05-08 18:01:12 --> Expression #1 of SELECT list is not in GROUP BY clause and contains nonaggregated column 'squill_app.address.id' which is not functionally dependent on columns in GROUP BY clause; this is incompatible with sql_mode=only_full_group_by
ERROR - 2022-05-08 18:01:12 --> Expression #1 of SELECT list is not in GROUP BY clause and contains nonaggregated column 'squill_app.sp_location.city' which is not functionally dependent on columns in GROUP BY clause; this is incompatible with sql_mode=only_full_group_by
ERROR - 2022-05-08 18:03:29 --> Expression #1 of SELECT list is not in GROUP BY clause and contains nonaggregated column 'squill_app.address.id' which is not functionally dependent on columns in GROUP BY clause; this is incompatible with sql_mode=only_full_group_by
ERROR - 2022-05-08 18:03:29 --> Expression #2 of SELECT list is not in GROUP BY clause and contains nonaggregated column 'squill_app.booking.users_id' which is not functionally dependent on columns in GROUP BY clause; this is incompatible with sql_mode=only_full_group_by
ERROR - 2022-05-08 18:03:30 --> Expression #4 of SELECT list is not in GROUP BY clause and contains nonaggregated column 'squill_app.users.fcm_token' which is not functionally dependent on columns in GROUP BY clause; this is incompatible with sql_mode=only_full_group_by
ERROR - 2022-05-08 18:03:30 --> Expression #1 of SELECT list is not in GROUP BY clause and contains nonaggregated column 'squill_app.address.id' which is not functionally dependent on columns in GROUP BY clause; this is incompatible with sql_mode=only_full_group_by
ERROR - 2022-05-08 18:03:30 --> Expression #1 of SELECT list is not in GROUP BY clause and contains nonaggregated column 'squill_app.sp_location.city' which is not functionally dependent on columns in GROUP BY clause; this is incompatible with sql_mode=only_full_group_by
ERROR - 2022-05-08 18:03:44 --> Expression #2 of SELECT list is not in GROUP BY clause and contains nonaggregated column 'squill_app.booking.users_id' which is not functionally dependent on columns in GROUP BY clause; this is incompatible with sql_mode=only_full_group_by
ERROR - 2022-05-08 18:03:44 --> Expression #1 of SELECT list is not in GROUP BY clause and contains nonaggregated column 'squill_app.address.id' which is not functionally dependent on columns in GROUP BY clause; this is incompatible with sql_mode=only_full_group_by
ERROR - 2022-05-08 18:03:44 --> Expression #4 of SELECT list is not in GROUP BY clause and contains nonaggregated column 'squill_app.users.fcm_token' which is not functionally dependent on columns in GROUP BY clause; this is incompatible with sql_mode=only_full_group_by
ERROR - 2022-05-08 18:03:44 --> Expression #1 of SELECT list is not in GROUP BY clause and contains nonaggregated column 'squill_app.address.id' which is not functionally dependent on columns in GROUP BY clause; this is incompatible with sql_mode=only_full_group_by
ERROR - 2022-05-08 18:03:45 --> Expression #1 of SELECT list is not in GROUP BY clause and contains nonaggregated column 'squill_app.sp_location.city' which is not functionally dependent on columns in GROUP BY clause; this is incompatible with sql_mode=only_full_group_by
ERROR - 2022-05-08 18:03:56 --> Expression #4 of SELECT list is not in GROUP BY clause and contains nonaggregated column 'squill_app.users.fcm_token' which is not functionally dependent on columns in GROUP BY clause; this is incompatible with sql_mode=only_full_group_by
ERROR - 2022-05-08 18:03:56 --> Expression #1 of SELECT list is not in GROUP BY clause and contains nonaggregated column 'squill_app.address.id' which is not functionally dependent on columns in GROUP BY clause; this is incompatible with sql_mode=only_full_group_by
ERROR - 2022-05-08 18:03:56 --> Expression #2 of SELECT list is not in GROUP BY clause and contains nonaggregated column 'squill_app.booking.users_id' which is not functionally dependent on columns in GROUP BY clause; this is incompatible with sql_mode=only_full_group_by
ERROR - 2022-05-08 18:03:56 --> Expression #1 of SELECT list is not in GROUP BY clause and contains nonaggregated column 'squill_app.address.id' which is not functionally dependent on columns in GROUP BY clause; this is incompatible with sql_mode=only_full_group_by
ERROR - 2022-05-08 18:03:56 --> Expression #1 of SELECT list is not in GROUP BY clause and contains nonaggregated column 'squill_app.sp_location.city' which is not functionally dependent on columns in GROUP BY clause; this is incompatible with sql_mode=only_full_group_by
ERROR - 2022-05-08 18:04:52 --> Expression #2 of SELECT list is not in GROUP BY clause and contains nonaggregated column 'squill_app.booking.users_id' which is not functionally dependent on columns in GROUP BY clause; this is incompatible with sql_mode=only_full_group_by
INFO - 2022-05-08 18:21:45 --> Used the default controller.
INFO - 2022-05-08 19:13:27 --> Used the default controller.
INFO - 2022-05-08 19:31:08 --> Used the default controller.
INFO - 2022-05-08 19:51:33 --> Used the default controller.
INFO - 2022-05-08 19:51:34 --> Used the default controller.
INFO - 2022-05-08 20:06:34 --> Used the default controller.
INFO - 2022-05-08 20:13:53 --> Used the default controller.
INFO - 2022-05-08 21:47:13 --> Used the default controller.
INFO - 2022-05-08 22:09:01 --> Used the default controller.
INFO - 2022-05-08 22:49:23 --> Used the default controller.
INFO - 2022-05-08 22:49:25 --> Used the default controller.
INFO - 2022-05-08 23:15:27 --> Used the default controller.
INFO - 2022-05-08 23:26:18 --> Used the default controller.
INFO - 2022-05-08 23:59:09 --> Used the default controller.
