INFO - 2022-04-14 00:06:38 --> Used the default controller.
ERROR - 2022-04-14 00:21:30 --> Error connecting to the database: Access denied for user '****'@'%' to database 'squill'
INFO - 2022-04-14 00:22:29 --> Session: Class initialized using 'CodeIgniter\Session\Handlers\FileHandler' driver.
INFO - 2022-04-14 01:22:18 --> Session: Class initialized using 'CodeIgniter\Session\Handlers\FileHandler' driver.
ERROR - 2022-04-14 01:22:23 --> Expression #12 of SELECT list is not in GROUP BY clause and contains nonaggregated column 'squill.users.email' which is not functionally dependent on columns in GROUP BY clause; this is incompatible with sql_mode=only_full_group_by
INFO - 2022-04-14 01:22:35 --> Session: Class initialized using 'CodeIgniter\Session\Handlers\FileHandler' driver.
INFO - 2022-04-14 09:49:11 --> Used the default controller.
ERROR - 2022-04-14 09:52:57 --> Expression #2 of SELECT list is not in GROUP BY clause and contains nonaggregated column 'squill.booking.users_id' which is not functionally dependent on columns in GROUP BY clause; this is incompatible with sql_mode=only_full_group_by
ERROR - 2022-04-14 09:56:08 --> Expression #2 of SELECT list is not in GROUP BY clause and contains nonaggregated column 'squill.booking.users_id' which is not functionally dependent on columns in GROUP BY clause; this is incompatible with sql_mode=only_full_group_by
ERROR - 2022-04-14 09:56:12 --> Expression #2 of SELECT list is not in GROUP BY clause and contains nonaggregated column 'squill.booking.users_id' which is not functionally dependent on columns in GROUP BY clause; this is incompatible with sql_mode=only_full_group_by
ERROR - 2022-04-14 09:56:29 --> Expression #2 of SELECT list is not in GROUP BY clause and contains nonaggregated column 'squill.booking.users_id' which is not functionally dependent on columns in GROUP BY clause; this is incompatible with sql_mode=only_full_group_by
ERROR - 2022-04-14 09:56:30 --> Expression #2 of SELECT list is not in GROUP BY clause and contains nonaggregated column 'squill.booking.users_id' which is not functionally dependent on columns in GROUP BY clause; this is incompatible with sql_mode=only_full_group_by
ERROR - 2022-04-14 09:57:02 --> Unknown column 'booking' in 'field list'
ERROR - 2022-04-14 09:57:14 --> Expression #2 of SELECT list is not in GROUP BY clause and contains nonaggregated column 'squill.booking.users_id' which is not functionally dependent on columns in GROUP BY clause; this is incompatible with sql_mode=only_full_group_by
ERROR - 2022-04-14 10:00:34 --> You have an error in your SQL syntax; check the manual that corresponds to your MySQL server version for the right syntax to use near '*), `user_details`.`fname`, `user_details`.`lname`, `user_details`.`mobile`, `ti' at line 1
ERROR - 2022-04-14 10:00:53 --> You have an error in your SQL syntax; check the manual that corresponds to your MySQL server version for the right syntax to use near '*), `user_details`.`fname`, `user_details`.`lname`, `user_details`.`mobile`, `ti' at line 1
ERROR - 2022-04-14 10:01:11 --> Expression #2 of SELECT list is not in GROUP BY clause and contains nonaggregated column 'squill.booking.users_id' which is not functionally dependent on columns in GROUP BY clause; this is incompatible with sql_mode=only_full_group_by
ERROR - 2022-04-14 10:02:04 --> Expression #4 of SELECT list is not in GROUP BY clause and contains nonaggregated column 'squill.booking.scheduled_date' which is not functionally dependent on columns in GROUP BY clause; this is incompatible with sql_mode=only_full_group_by
ERROR - 2022-04-14 10:02:08 --> Expression #4 of SELECT list is not in GROUP BY clause and contains nonaggregated column 'squill.booking.scheduled_date' which is not functionally dependent on columns in GROUP BY clause; this is incompatible with sql_mode=only_full_group_by
ERROR - 2022-04-14 10:02:30 --> Expression #5 of SELECT list is not in GROUP BY clause and contains nonaggregated column 'squill.booking.time_slot_id' which is not functionally dependent on columns in GROUP BY clause; this is incompatible with sql_mode=only_full_group_by
ERROR - 2022-04-14 10:02:45 --> Expression #6 of SELECT list is not in GROUP BY clause and contains nonaggregated column 'squill.booking.started_at' which is not functionally dependent on columns in GROUP BY clause; this is incompatible with sql_mode=only_full_group_by
ERROR - 2022-04-14 10:02:59 --> Expression #7 of SELECT list is not in GROUP BY clause and contains nonaggregated column 'squill.booking.completed_at' which is not functionally dependent on columns in GROUP BY clause; this is incompatible with sql_mode=only_full_group_by
ERROR - 2022-04-14 10:03:08 --> Expression #8 of SELECT list is not in GROUP BY clause and contains nonaggregated column 'squill.booking.amount' which is not functionally dependent on columns in GROUP BY clause; this is incompatible with sql_mode=only_full_group_by
ERROR - 2022-04-14 10:03:19 --> Expression #9 of SELECT list is not in GROUP BY clause and contains nonaggregated column 'squill.booking.sgst' which is not functionally dependent on columns in GROUP BY clause; this is incompatible with sql_mode=only_full_group_by
ERROR - 2022-04-14 10:03:35 --> Expression #2 of SELECT list is not in GROUP BY clause and contains nonaggregated column 'squill.booking.users_id' which is not functionally dependent on columns in GROUP BY clause; this is incompatible with sql_mode=only_full_group_by
INFO - 2022-04-14 11:00:14 --> Session: Class initialized using 'CodeIgniter\Session\Handlers\FileHandler' driver.
INFO - 2022-04-14 11:00:27 --> Session: Class initialized using 'CodeIgniter\Session\Handlers\FileHandler' driver.
INFO - 2022-04-14 11:00:37 --> Session: Class initialized using 'CodeIgniter\Session\Handlers\FileHandler' driver.
INFO - 2022-04-14 11:02:17 --> Used the default controller.
INFO - 2022-04-14 11:36:18 --> Used the default controller.
INFO - 2022-04-14 12:07:08 --> Used the default controller.
INFO - 2022-04-14 12:33:28 --> Used the default controller.
ERROR - 2022-04-14 13:07:29 --> Expression #2 of SELECT list is not in GROUP BY clause and contains nonaggregated column 'squill.booking.users_id' which is not functionally dependent on columns in GROUP BY clause; this is incompatible with sql_mode=only_full_group_by
ERROR - 2022-04-14 13:27:50 --> Error connecting to the database: No such file or directory
ERROR - 2022-04-14 13:27:56 --> Error connecting to the database: No such file or directory
ERROR - 2022-04-14 13:50:03 --> Error connecting to the database: No such file or directory
ERROR - 2022-04-14 13:50:04 --> Error connecting to the database: No such file or directory
ERROR - 2022-04-14 13:51:10 --> Error connecting to the database: No such file or directory
ERROR - 2022-04-14 13:51:11 --> Error connecting to the database: No such file or directory
ERROR - 2022-04-14 13:51:12 --> Error connecting to the database: No such file or directory
ERROR - 2022-04-14 13:51:17 --> Error connecting to the database: No such file or directory
INFO - 2022-04-14 14:01:54 --> Used the default controller.
ERROR - 2022-04-14 17:54:49 --> Expression #1 of SELECT list is not in GROUP BY clause and contains nonaggregated column 'squill.sp_location.city' which is not functionally dependent on columns in GROUP BY clause; this is incompatible with sql_mode=only_full_group_by
ERROR - 2022-04-14 18:42:00 --> Server shutdown in progress
ERROR - 2022-04-14 18:42:00 --> Server shutdown in progress
INFO - 2022-04-14 20:23:07 --> Used the default controller.
INFO - 2022-04-14 20:23:10 --> Used the default controller.
ERROR - 2022-04-14 20:29:53 --> Expression #1 of SELECT list is not in GROUP BY clause and contains nonaggregated column 'squill.sp_location.city' which is not functionally dependent on columns in GROUP BY clause; this is incompatible with sql_mode=only_full_group_by
ERROR - 2022-04-14 20:35:44 --> Unknown column 'txnId' in 'field list'
INFO - 2022-04-14 21:08:27 --> Used the default controller.
INFO - 2022-04-14 21:34:08 --> Used the default controller.
ERROR - 2022-04-14 22:58:17 --> Unknown column 'installment_det.inst_paid_status' in 'where clause'
ERROR - 2022-04-14 23:05:39 --> Unknown column 'installment_det.inst_paid_status' in 'where clause'
INFO - 2022-04-14 23:05:40 --> Used the default controller.
ERROR - 2022-04-14 23:06:04 --> Unknown column 'installment_det.ins_status_id' in 'on clause'
ERROR - 2022-04-14 23:08:31 --> Unknown column 'inst_request_status_id' in 'field list'
ERROR - 2022-04-14 23:13:27 --> Column 'id' in where clause is ambiguous
ERROR - 2022-04-14 23:14:16 --> Column 'id' in where clause is ambiguous
ERROR - 2022-04-14 23:14:27 --> Column 'id' in where clause is ambiguous
ERROR - 2022-04-14 23:14:29 --> Column 'id' in where clause is ambiguous
ERROR - 2022-04-14 23:48:06 --> Incorrect DATETIME value: '0000-00-00 00:00:00'
INFO - 2022-04-14 23:54:41 --> Used the default controller.
