INFO - 2022-06-02 01:07:40 --> Used the default controller.
INFO - 2022-06-02 01:10:06 --> Used the default controller.
INFO - 2022-06-02 02:15:31 --> Used the default controller.
INFO - 2022-06-02 02:35:57 --> Used the default controller.
INFO - 2022-06-02 02:40:32 --> Used the default controller.
INFO - 2022-06-02 02:58:48 --> Used the default controller.
INFO - 2022-06-02 02:58:49 --> Used the default controller.
INFO - 2022-06-02 03:49:29 --> Used the default controller.
INFO - 2022-06-02 04:04:27 --> Used the default controller.
INFO - 2022-06-02 05:32:13 --> Used the default controller.
INFO - 2022-06-02 05:39:45 --> Used the default controller.
INFO - 2022-06-02 07:01:31 --> Used the default controller.
INFO - 2022-06-02 07:08:45 --> Used the default controller.
INFO - 2022-06-02 08:29:33 --> Used the default controller.
INFO - 2022-06-02 08:40:05 --> Used the default controller.
INFO - 2022-06-02 09:57:29 --> Used the default controller.
INFO - 2022-06-02 10:09:43 --> Used the default controller.
INFO - 2022-06-02 10:53:30 --> Used the default controller.
INFO - 2022-06-02 11:04:19 --> Used the default controller.
INFO - 2022-06-02 11:35:09 --> Used the default controller.
INFO - 2022-06-02 11:39:36 --> Used the default controller.
INFO - 2022-06-02 11:41:53 --> Used the default controller.
INFO - 2022-06-02 11:55:20 --> Used the default controller.
INFO - 2022-06-02 11:55:21 --> Used the default controller.
INFO - 2022-06-02 12:11:16 --> Used the default controller.
INFO - 2022-06-02 12:19:15 --> Used the default controller.
INFO - 2022-06-02 12:19:25 --> Used the default controller.
INFO - 2022-06-02 12:32:26 --> Used the default controller.
INFO - 2022-06-02 13:09:25 --> Used the default controller.
INFO - 2022-06-02 13:26:28 --> Used the default controller.
INFO - 2022-06-02 14:40:59 --> Used the default controller.
INFO - 2022-06-02 15:03:08 --> Used the default controller.
INFO - 2022-06-02 16:09:25 --> Used the default controller.
INFO - 2022-06-02 16:38:01 --> Used the default controller.
INFO - 2022-06-02 17:40:22 --> Used the default controller.
INFO - 2022-06-02 18:12:40 --> Used the default controller.
ERROR - 2022-06-02 18:13:32 --> Expression #1 of SELECT list is not in GROUP BY clause and contains nonaggregated column 'squill_app.address.id' which is not functionally dependent on columns in GROUP BY clause; this is incompatible with sql_mode=only_full_group_by
ERROR - 2022-06-02 18:13:32 --> Expression #1 of SELECT list is not in GROUP BY clause and contains nonaggregated column 'squill_app.address.id' which is not functionally dependent on columns in GROUP BY clause; this is incompatible with sql_mode=only_full_group_by
ERROR - 2022-06-02 18:13:32 --> Expression #2 of SELECT list is not in GROUP BY clause and contains nonaggregated column 'squill_app.booking.users_id' which is not functionally dependent on columns in GROUP BY clause; this is incompatible with sql_mode=only_full_group_by
ERROR - 2022-06-02 18:13:32 --> Expression #4 of SELECT list is not in GROUP BY clause and contains nonaggregated column 'squill_app.users.fcm_token' which is not functionally dependent on columns in GROUP BY clause; this is incompatible with sql_mode=only_full_group_by
ERROR - 2022-06-02 18:13:33 --> Expression #1 of SELECT list is not in GROUP BY clause and contains nonaggregated column 'squill_app.sp_location.city' which is not functionally dependent on columns in GROUP BY clause; this is incompatible with sql_mode=only_full_group_by
ERROR - 2022-06-02 18:13:37 --> Expression #1 of SELECT list is not in GROUP BY clause and contains nonaggregated column 'squill_app.address.id' which is not functionally dependent on columns in GROUP BY clause; this is incompatible with sql_mode=only_full_group_by
ERROR - 2022-06-02 18:13:37 --> Expression #1 of SELECT list is not in GROUP BY clause and contains nonaggregated column 'squill_app.address.id' which is not functionally dependent on columns in GROUP BY clause; this is incompatible with sql_mode=only_full_group_by
ERROR - 2022-06-02 18:13:42 --> Expression #1 of SELECT list is not in GROUP BY clause and contains nonaggregated column 'squill_app.address.id' which is not functionally dependent on columns in GROUP BY clause; this is incompatible with sql_mode=only_full_group_by
ERROR - 2022-06-02 18:13:42 --> Expression #2 of SELECT list is not in GROUP BY clause and contains nonaggregated column 'squill_app.booking.users_id' which is not functionally dependent on columns in GROUP BY clause; this is incompatible with sql_mode=only_full_group_by
ERROR - 2022-06-02 18:13:43 --> Expression #1 of SELECT list is not in GROUP BY clause and contains nonaggregated column 'squill_app.address.id' which is not functionally dependent on columns in GROUP BY clause; this is incompatible with sql_mode=only_full_group_by
ERROR - 2022-06-02 18:13:43 --> Expression #4 of SELECT list is not in GROUP BY clause and contains nonaggregated column 'squill_app.users.fcm_token' which is not functionally dependent on columns in GROUP BY clause; this is incompatible with sql_mode=only_full_group_by
ERROR - 2022-06-02 18:13:43 --> Expression #1 of SELECT list is not in GROUP BY clause and contains nonaggregated column 'squill_app.sp_location.city' which is not functionally dependent on columns in GROUP BY clause; this is incompatible with sql_mode=only_full_group_by
ERROR - 2022-06-02 18:13:45 --> Expression #1 of SELECT list is not in GROUP BY clause and contains nonaggregated column 'squill_app.address.id' which is not functionally dependent on columns in GROUP BY clause; this is incompatible with sql_mode=only_full_group_by
ERROR - 2022-06-02 18:13:45 --> Expression #1 of SELECT list is not in GROUP BY clause and contains nonaggregated column 'squill_app.address.id' which is not functionally dependent on columns in GROUP BY clause; this is incompatible with sql_mode=only_full_group_by
ERROR - 2022-06-02 18:14:06 --> Expression #2 of SELECT list is not in GROUP BY clause and contains nonaggregated column 'squill_app.booking.users_id' which is not functionally dependent on columns in GROUP BY clause; this is incompatible with sql_mode=only_full_group_by
ERROR - 2022-06-02 18:14:06 --> Expression #4 of SELECT list is not in GROUP BY clause and contains nonaggregated column 'squill_app.users.fcm_token' which is not functionally dependent on columns in GROUP BY clause; this is incompatible with sql_mode=only_full_group_by
ERROR - 2022-06-02 18:14:07 --> Expression #1 of SELECT list is not in GROUP BY clause and contains nonaggregated column 'squill_app.address.id' which is not functionally dependent on columns in GROUP BY clause; this is incompatible with sql_mode=only_full_group_by
ERROR - 2022-06-02 18:14:07 --> Expression #1 of SELECT list is not in GROUP BY clause and contains nonaggregated column 'squill_app.address.id' which is not functionally dependent on columns in GROUP BY clause; this is incompatible with sql_mode=only_full_group_by
ERROR - 2022-06-02 18:14:07 --> Expression #1 of SELECT list is not in GROUP BY clause and contains nonaggregated column 'squill_app.sp_location.city' which is not functionally dependent on columns in GROUP BY clause; this is incompatible with sql_mode=only_full_group_by
ERROR - 2022-06-02 18:14:14 --> Expression #1 of SELECT list is not in GROUP BY clause and contains nonaggregated column 'squill_app.address.id' which is not functionally dependent on columns in GROUP BY clause; this is incompatible with sql_mode=only_full_group_by
INFO - 2022-06-02 19:10:21 --> Used the default controller.
INFO - 2022-06-02 19:47:11 --> Used the default controller.
INFO - 2022-06-02 20:21:45 --> Used the default controller.
INFO - 2022-06-02 20:26:46 --> Used the default controller.
INFO - 2022-06-02 20:35:40 --> Used the default controller.
INFO - 2022-06-02 21:21:27 --> Used the default controller.
INFO - 2022-06-02 22:09:41 --> Used the default controller.
INFO - 2022-06-02 22:55:29 --> Used the default controller.
INFO - 2022-06-02 23:38:10 --> Used the default controller.
