INFO - 2022-07-19 01:20:08 --> Used the default controller.
INFO - 2022-07-19 02:49:52 --> Used the default controller.
INFO - 2022-07-19 03:58:36 --> Used the default controller.
INFO - 2022-07-19 04:19:35 --> Used the default controller.
INFO - 2022-07-19 05:30:58 --> Used the default controller.
INFO - 2022-07-19 05:31:01 --> Used the default controller.
INFO - 2022-07-19 05:47:57 --> Used the default controller.
INFO - 2022-07-19 06:08:58 --> Used the default controller.
INFO - 2022-07-19 07:17:54 --> Used the default controller.
INFO - 2022-07-19 07:24:29 --> Used the default controller.
INFO - 2022-07-19 07:41:04 --> Used the default controller.
INFO - 2022-07-19 08:47:46 --> Used the default controller.
INFO - 2022-07-19 08:49:50 --> Used the default controller.
INFO - 2022-07-19 09:11:21 --> Used the default controller.
ERROR - 2022-07-19 10:13:59 --> Expression #1 of SELECT list is not in GROUP BY clause and contains nonaggregated column 'squill_app.address.id' which is not functionally dependent on columns in GROUP BY clause; this is incompatible with sql_mode=only_full_group_by
ERROR - 2022-07-19 10:13:59 --> Expression #1 of SELECT list is not in GROUP BY clause and contains nonaggregated column 'squill_app.address.id' which is not functionally dependent on columns in GROUP BY clause; this is incompatible with sql_mode=only_full_group_by
ERROR - 2022-07-19 10:14:11 --> Expression #4 of SELECT list is not in GROUP BY clause and contains nonaggregated column 'squill_app.booking.scheduled_date' which is not functionally dependent on columns in GROUP BY clause; this is incompatible with sql_mode=only_full_group_by
ERROR - 2022-07-19 10:14:12 --> Expression #4 of SELECT list is not in GROUP BY clause and contains nonaggregated column 'squill_app.booking.scheduled_date' which is not functionally dependent on columns in GROUP BY clause; this is incompatible with sql_mode=only_full_group_by
ERROR - 2022-07-19 10:14:13 --> Expression #4 of SELECT list is not in GROUP BY clause and contains nonaggregated column 'squill_app.booking.scheduled_date' which is not functionally dependent on columns in GROUP BY clause; this is incompatible with sql_mode=only_full_group_by
ERROR - 2022-07-19 10:14:26 --> Expression #3 of SELECT list is not in GROUP BY clause and contains nonaggregated column 'squill_app.booking.category_id' which is not functionally dependent on columns in GROUP BY clause; this is incompatible with sql_mode=only_full_group_by
ERROR - 2022-07-19 10:15:23 --> Expression #1 of SELECT list is not in GROUP BY clause and contains nonaggregated column 'squill_app.address.id' which is not functionally dependent on columns in GROUP BY clause; this is incompatible with sql_mode=only_full_group_by
ERROR - 2022-07-19 10:15:23 --> Expression #1 of SELECT list is not in GROUP BY clause and contains nonaggregated column 'squill_app.address.id' which is not functionally dependent on columns in GROUP BY clause; this is incompatible with sql_mode=only_full_group_by
ERROR - 2022-07-19 10:15:25 --> Expression #1 of SELECT list is not in GROUP BY clause and contains nonaggregated column 'squill_app.address.id' which is not functionally dependent on columns in GROUP BY clause; this is incompatible with sql_mode=only_full_group_by
ERROR - 2022-07-19 10:15:25 --> Expression #2 of SELECT list is not in GROUP BY clause and contains nonaggregated column 'squill_app.booking.users_id' which is not functionally dependent on columns in GROUP BY clause; this is incompatible with sql_mode=only_full_group_by
ERROR - 2022-07-19 10:15:25 --> Expression #1 of SELECT list is not in GROUP BY clause and contains nonaggregated column 'squill_app.address.id' which is not functionally dependent on columns in GROUP BY clause; this is incompatible with sql_mode=only_full_group_by
ERROR - 2022-07-19 10:15:25 --> Expression #4 of SELECT list is not in GROUP BY clause and contains nonaggregated column 'squill_app.users.fcm_token' which is not functionally dependent on columns in GROUP BY clause; this is incompatible with sql_mode=only_full_group_by
ERROR - 2022-07-19 10:15:25 --> Expression #1 of SELECT list is not in GROUP BY clause and contains nonaggregated column 'squill_app.sp_location.city' which is not functionally dependent on columns in GROUP BY clause; this is incompatible with sql_mode=only_full_group_by
ERROR - 2022-07-19 10:15:28 --> Expression #1 of SELECT list is not in GROUP BY clause and contains nonaggregated column 'squill_app.address.id' which is not functionally dependent on columns in GROUP BY clause; this is incompatible with sql_mode=only_full_group_by
ERROR - 2022-07-19 10:15:28 --> Expression #1 of SELECT list is not in GROUP BY clause and contains nonaggregated column 'squill_app.address.id' which is not functionally dependent on columns in GROUP BY clause; this is incompatible with sql_mode=only_full_group_by
ERROR - 2022-07-19 10:15:29 --> Expression #1 of SELECT list is not in GROUP BY clause and contains nonaggregated column 'squill_app.address.id' which is not functionally dependent on columns in GROUP BY clause; this is incompatible with sql_mode=only_full_group_by
ERROR - 2022-07-19 10:15:41 --> Expression #1 of SELECT list is not in GROUP BY clause and contains nonaggregated column 'squill_app.address.id' which is not functionally dependent on columns in GROUP BY clause; this is incompatible with sql_mode=only_full_group_by
INFO - 2022-07-19 10:18:00 --> Used the default controller.
ERROR - 2022-07-19 10:18:13 --> Expression #1 of SELECT list is not in GROUP BY clause and contains nonaggregated column 'squill_app.address.id' which is not functionally dependent on columns in GROUP BY clause; this is incompatible with sql_mode=only_full_group_by
ERROR - 2022-07-19 10:19:09 --> Expression #4 of SELECT list is not in GROUP BY clause and contains nonaggregated column 'squill_app.booking.scheduled_date' which is not functionally dependent on columns in GROUP BY clause; this is incompatible with sql_mode=only_full_group_by
ERROR - 2022-07-19 10:40:36 --> Expression #1 of SELECT list is not in GROUP BY clause and contains nonaggregated column 'squill_app.address.id' which is not functionally dependent on columns in GROUP BY clause; this is incompatible with sql_mode=only_full_group_by
INFO - 2022-07-19 10:41:26 --> Used the default controller.
INFO - 2022-07-19 11:00:36 --> Used the default controller.
INFO - 2022-07-19 11:47:50 --> Used the default controller.
INFO - 2022-07-19 12:41:54 --> Used the default controller.
INFO - 2022-07-19 13:18:25 --> Used the default controller.
INFO - 2022-07-19 14:40:28 --> Used the default controller.
INFO - 2022-07-19 14:48:24 --> Used the default controller.
INFO - 2022-07-19 16:17:28 --> Used the default controller.
INFO - 2022-07-19 16:30:46 --> Used the default controller.
INFO - 2022-07-19 17:17:39 --> Used the default controller.
INFO - 2022-07-19 17:48:57 --> Used the default controller.
INFO - 2022-07-19 18:21:13 --> Used the default controller.
INFO - 2022-07-19 19:18:24 --> Used the default controller.
INFO - 2022-07-19 20:07:27 --> Used the default controller.
INFO - 2022-07-19 20:27:56 --> Used the default controller.
INFO - 2022-07-19 20:27:57 --> Used the default controller.
INFO - 2022-07-19 20:50:19 --> Used the default controller.
INFO - 2022-07-19 21:50:24 --> Used the default controller.
INFO - 2022-07-19 22:48:07 --> Used the default controller.
INFO - 2022-07-19 23:31:42 --> Used the default controller.
INFO - 2022-07-19 23:48:53 --> Used the default controller.
