INFO - 2022-09-09 00:56:07 --> Used the default controller.
INFO - 2022-09-09 01:32:46 --> Used the default controller.
INFO - 2022-09-09 03:21:54 --> Used the default controller.
INFO - 2022-09-09 03:26:55 --> Used the default controller.
INFO - 2022-09-09 03:50:15 --> Used the default controller.
INFO - 2022-09-09 06:40:13 --> Used the default controller.
INFO - 2022-09-09 08:07:12 --> Used the default controller.
INFO - 2022-09-09 08:07:15 --> Used the default controller.
INFO - 2022-09-09 09:40:49 --> Used the default controller.
INFO - 2022-09-09 09:46:14 --> Used the default controller.
ERROR - 2022-09-09 10:04:52 --> Table 'squill_app.contact_us' doesn't exist
INFO - 2022-09-09 11:20:42 --> Used the default controller.
INFO - 2022-09-09 11:42:06 --> Used the default controller.
ERROR - 2022-09-09 12:37:46 --> Table 'squill_app.contact_us' doesn't exist
ERROR - 2022-09-09 12:45:06 --> Table 'squill_app.faq_sp' doesn't exist
ERROR - 2022-09-09 12:45:07 --> Table 'squill_app.faq_users' doesn't exist
INFO - 2022-09-09 12:51:34 --> Used the default controller.
INFO - 2022-09-09 13:11:34 --> Used the default controller.
ERROR - 2022-09-09 13:42:21 --> Table 'squill_app.users' doesn't exist
ERROR - 2022-09-09 13:42:53 --> Table 'squill_app.users' doesn't exist
ERROR - 2022-09-09 13:43:30 --> Table 'squill_app.users' doesn't exist
INFO - 2022-09-09 14:01:51 --> Used the default controller.
INFO - 2022-09-09 14:06:59 --> Used the default controller.
INFO - 2022-09-09 14:23:05 --> Used the default controller.
INFO - 2022-09-09 14:28:22 --> Used the default controller.
ERROR - 2022-09-09 15:08:15 --> Table 'squill_app.contact_us' doesn't exist
ERROR - 2022-09-09 15:09:15 --> Table 'squill_app.users' doesn't exist
INFO - 2022-09-09 15:31:31 --> Used the default controller.
INFO - 2022-09-09 15:41:01 --> Used the default controller.
INFO - 2022-09-09 15:41:03 --> Used the default controller.
ERROR - 2022-09-09 16:22:25 --> Expression #1 of SELECT list is not in GROUP BY clause and contains nonaggregated column 'squill_app.address.id' which is not functionally dependent on columns in GROUP BY clause; this is incompatible with sql_mode=only_full_group_by
ERROR - 2022-09-09 16:22:25 --> Expression #1 of SELECT list is not in GROUP BY clause and contains nonaggregated column 'squill_app.address.id' which is not functionally dependent on columns in GROUP BY clause; this is incompatible with sql_mode=only_full_group_by
INFO - 2022-09-09 17:13:09 --> Used the default controller.
INFO - 2022-09-09 17:13:09 --> Used the default controller.
INFO - 2022-09-09 17:13:42 --> Used the default controller.
INFO - 2022-09-09 17:19:50 --> Used the default controller.
INFO - 2022-09-09 18:13:03 --> Used the default controller.
INFO - 2022-09-09 18:41:09 --> Used the default controller.
INFO - 2022-09-09 19:07:31 --> Used the default controller.
INFO - 2022-09-09 20:19:27 --> Used the default controller.
INFO - 2022-09-09 20:36:33 --> Used the default controller.
INFO - 2022-09-09 22:05:27 --> Used the default controller.
INFO - 2022-09-09 23:34:31 --> Used the default controller.
