INFO - 2022-10-19 00:03:48 --> Used the default controller.
INFO - 2022-10-19 00:28:11 --> Used the default controller.
INFO - 2022-10-19 00:52:44 --> Used the default controller.
INFO - 2022-10-19 00:52:46 --> Used the default controller.
INFO - 2022-10-19 00:53:35 --> Used the default controller.
INFO - 2022-10-19 01:04:59 --> Used the default controller.
INFO - 2022-10-19 02:03:40 --> Used the default controller.
INFO - 2022-10-19 02:03:56 --> Used the default controller.
INFO - 2022-10-19 02:03:57 --> Used the default controller.
INFO - 2022-10-19 02:13:08 --> Used the default controller.
INFO - 2022-10-19 02:13:09 --> Used the default controller.
INFO - 2022-10-19 03:17:55 --> Used the default controller.
INFO - 2022-10-19 03:41:03 --> Used the default controller.
INFO - 2022-10-19 04:35:48 --> Used the default controller.
INFO - 2022-10-19 04:52:10 --> Used the default controller.
INFO - 2022-10-19 04:52:11 --> Used the default controller.
INFO - 2022-10-19 05:22:43 --> Used the default controller.
INFO - 2022-10-19 05:58:13 --> Used the default controller.
INFO - 2022-10-19 05:58:14 --> Used the default controller.
INFO - 2022-10-19 06:10:54 --> Used the default controller.
INFO - 2022-10-19 06:22:05 --> Used the default controller.
INFO - 2022-10-19 06:35:05 --> Used the default controller.
INFO - 2022-10-19 06:35:05 --> Used the default controller.
INFO - 2022-10-19 06:39:35 --> Used the default controller.
INFO - 2022-10-19 08:12:53 --> Used the default controller.
INFO - 2022-10-19 09:21:03 --> Used the default controller.
ERROR - 2022-10-19 10:02:30 --> Unknown column 'sp_profession.keywords_id' in 'on clause'
ERROR - 2022-10-19 10:03:06 --> Unknown column 'sp_profession.keywords_id' in 'on clause'
INFO - 2022-10-19 10:03:32 --> Used the default controller.
INFO - 2022-10-19 10:43:01 --> Used the default controller.
INFO - 2022-10-19 10:43:07 --> Used the default controller.
INFO - 2022-10-19 10:56:08 --> Used the default controller.
INFO - 2022-10-19 11:15:22 --> Used the default controller.
INFO - 2022-10-19 12:08:16 --> Used the default controller.
INFO - 2022-10-19 12:21:09 --> Used the default controller.
INFO - 2022-10-19 12:24:24 --> Used the default controller.
INFO - 2022-10-19 12:24:25 --> Used the default controller.
INFO - 2022-10-19 12:31:04 --> Used the default controller.
INFO - 2022-10-19 12:31:05 --> Used the default controller.
INFO - 2022-10-19 12:37:48 --> Used the default controller.
INFO - 2022-10-19 13:03:19 --> Used the default controller.
INFO - 2022-10-19 13:03:38 --> Used the default controller.
INFO - 2022-10-19 13:32:11 --> Used the default controller.
INFO - 2022-10-19 13:37:25 --> Used the default controller.
INFO - 2022-10-19 14:03:50 --> Used the default controller.
INFO - 2022-10-19 16:04:19 --> Used the default controller.
INFO - 2022-10-19 16:25:08 --> Used the default controller.
INFO - 2022-10-19 16:42:52 --> Used the default controller.
INFO - 2022-10-19 17:01:06 --> Used the default controller.
INFO - 2022-10-19 17:02:58 --> Used the default controller.
INFO - 2022-10-19 17:03:00 --> Used the default controller.
INFO - 2022-10-19 17:55:55 --> Used the default controller.
INFO - 2022-10-19 19:00:42 --> Used the default controller.
INFO - 2022-10-19 19:00:43 --> Used the default controller.
INFO - 2022-10-19 19:00:44 --> Used the default controller.
INFO - 2022-10-19 19:00:45 --> Used the default controller.
INFO - 2022-10-19 19:00:45 --> Used the default controller.
INFO - 2022-10-19 19:00:46 --> Used the default controller.
INFO - 2022-10-19 19:39:14 --> Used the default controller.
INFO - 2022-10-19 20:41:12 --> Used the default controller.
INFO - 2022-10-19 21:39:02 --> Used the default controller.
INFO - 2022-10-19 21:45:47 --> Used the default controller.
INFO - 2022-10-19 21:58:47 --> Used the default controller.
ERROR - 2022-10-19 23:48:23 --> Expression #2 of SELECT list is not in GROUP BY clause and contains nonaggregated column 'squill_app.booking.users_id' which is not functionally dependent on columns in GROUP BY clause; this is incompatible with sql_mode=only_full_group_by
ERROR - 2022-10-19 23:48:23 --> Expression #4 of SELECT list is not in GROUP BY clause and contains nonaggregated column 'squill_app.users.fcm_token' which is not functionally dependent on columns in GROUP BY clause; this is incompatible with sql_mode=only_full_group_by
ERROR - 2022-10-19 23:48:23 --> Expression #1 of SELECT list is not in GROUP BY clause and contains nonaggregated column 'squill_app.address.id' which is not functionally dependent on columns in GROUP BY clause; this is incompatible with sql_mode=only_full_group_by
ERROR - 2022-10-19 23:48:23 --> Expression #1 of SELECT list is not in GROUP BY clause and contains nonaggregated column 'squill_app.address.id' which is not functionally dependent on columns in GROUP BY clause; this is incompatible with sql_mode=only_full_group_by
ERROR - 2022-10-19 23:48:24 --> Expression #1 of SELECT list is not in GROUP BY clause and contains nonaggregated column 'squill_app.sp_location.city' which is not functionally dependent on columns in GROUP BY clause; this is incompatible with sql_mode=only_full_group_by
ERROR - 2022-10-19 23:48:28 --> Expression #2 of SELECT list is not in GROUP BY clause and contains nonaggregated column 'squill_app.booking.users_id' which is not functionally dependent on columns in GROUP BY clause; this is incompatible with sql_mode=only_full_group_by
ERROR - 2022-10-19 23:48:28 --> Expression #1 of SELECT list is not in GROUP BY clause and contains nonaggregated column 'squill_app.address.id' which is not functionally dependent on columns in GROUP BY clause; this is incompatible with sql_mode=only_full_group_by
ERROR - 2022-10-19 23:48:28 --> Expression #4 of SELECT list is not in GROUP BY clause and contains nonaggregated column 'squill_app.users.fcm_token' which is not functionally dependent on columns in GROUP BY clause; this is incompatible with sql_mode=only_full_group_by
ERROR - 2022-10-19 23:48:28 --> Expression #1 of SELECT list is not in GROUP BY clause and contains nonaggregated column 'squill_app.address.id' which is not functionally dependent on columns in GROUP BY clause; this is incompatible with sql_mode=only_full_group_by
ERROR - 2022-10-19 23:48:29 --> Expression #1 of SELECT list is not in GROUP BY clause and contains nonaggregated column 'squill_app.sp_location.city' which is not functionally dependent on columns in GROUP BY clause; this is incompatible with sql_mode=only_full_group_by
ERROR - 2022-10-19 23:48:30 --> Expression #1 of SELECT list is not in GROUP BY clause and contains nonaggregated column 'squill_app.address.id' which is not functionally dependent on columns in GROUP BY clause; this is incompatible with sql_mode=only_full_group_by
ERROR - 2022-10-19 23:48:30 --> Expression #1 of SELECT list is not in GROUP BY clause and contains nonaggregated column 'squill_app.address.id' which is not functionally dependent on columns in GROUP BY clause; this is incompatible with sql_mode=only_full_group_by
ERROR - 2022-10-19 23:48:46 --> Expression #2 of SELECT list is not in GROUP BY clause and contains nonaggregated column 'squill_app.booking.users_id' which is not functionally dependent on columns in GROUP BY clause; this is incompatible with sql_mode=only_full_group_by
ERROR - 2022-10-19 23:48:46 --> Expression #1 of SELECT list is not in GROUP BY clause and contains nonaggregated column 'squill_app.address.id' which is not functionally dependent on columns in GROUP BY clause; this is incompatible with sql_mode=only_full_group_by
ERROR - 2022-10-19 23:48:46 --> Expression #1 of SELECT list is not in GROUP BY clause and contains nonaggregated column 'squill_app.address.id' which is not functionally dependent on columns in GROUP BY clause; this is incompatible with sql_mode=only_full_group_by
ERROR - 2022-10-19 23:48:46 --> Expression #4 of SELECT list is not in GROUP BY clause and contains nonaggregated column 'squill_app.users.fcm_token' which is not functionally dependent on columns in GROUP BY clause; this is incompatible with sql_mode=only_full_group_by
ERROR - 2022-10-19 23:48:46 --> Expression #1 of SELECT list is not in GROUP BY clause and contains nonaggregated column 'squill_app.sp_location.city' which is not functionally dependent on columns in GROUP BY clause; this is incompatible with sql_mode=only_full_group_by
ERROR - 2022-10-19 23:48:48 --> Expression #2 of SELECT list is not in GROUP BY clause and contains nonaggregated column 'squill_app.booking.users_id' which is not functionally dependent on columns in GROUP BY clause; this is incompatible with sql_mode=only_full_group_by
ERROR - 2022-10-19 23:48:48 --> Expression #1 of SELECT list is not in GROUP BY clause and contains nonaggregated column 'squill_app.address.id' which is not functionally dependent on columns in GROUP BY clause; this is incompatible with sql_mode=only_full_group_by
ERROR - 2022-10-19 23:48:48 --> Expression #4 of SELECT list is not in GROUP BY clause and contains nonaggregated column 'squill_app.users.fcm_token' which is not functionally dependent on columns in GROUP BY clause; this is incompatible with sql_mode=only_full_group_by
ERROR - 2022-10-19 23:48:48 --> Expression #1 of SELECT list is not in GROUP BY clause and contains nonaggregated column 'squill_app.address.id' which is not functionally dependent on columns in GROUP BY clause; this is incompatible with sql_mode=only_full_group_by
ERROR - 2022-10-19 23:48:48 --> Expression #1 of SELECT list is not in GROUP BY clause and contains nonaggregated column 'squill_app.sp_location.city' which is not functionally dependent on columns in GROUP BY clause; this is incompatible with sql_mode=only_full_group_by
ERROR - 2022-10-19 23:48:50 --> Expression #2 of SELECT list is not in GROUP BY clause and contains nonaggregated column 'squill_app.booking.users_id' which is not functionally dependent on columns in GROUP BY clause; this is incompatible with sql_mode=only_full_group_by
ERROR - 2022-10-19 23:48:50 --> Expression #1 of SELECT list is not in GROUP BY clause and contains nonaggregated column 'squill_app.address.id' which is not functionally dependent on columns in GROUP BY clause; this is incompatible with sql_mode=only_full_group_by
ERROR - 2022-10-19 23:48:50 --> Expression #1 of SELECT list is not in GROUP BY clause and contains nonaggregated column 'squill_app.address.id' which is not functionally dependent on columns in GROUP BY clause; this is incompatible with sql_mode=only_full_group_by
ERROR - 2022-10-19 23:48:50 --> Expression #4 of SELECT list is not in GROUP BY clause and contains nonaggregated column 'squill_app.users.fcm_token' which is not functionally dependent on columns in GROUP BY clause; this is incompatible with sql_mode=only_full_group_by
ERROR - 2022-10-19 23:48:50 --> Expression #1 of SELECT list is not in GROUP BY clause and contains nonaggregated column 'squill_app.sp_location.city' which is not functionally dependent on columns in GROUP BY clause; this is incompatible with sql_mode=only_full_group_by
ERROR - 2022-10-19 23:51:25 --> Expression #1 of SELECT list is not in GROUP BY clause and contains nonaggregated column 'squill_app.address.id' which is not functionally dependent on columns in GROUP BY clause; this is incompatible with sql_mode=only_full_group_by
ERROR - 2022-10-19 23:51:25 --> Expression #1 of SELECT list is not in GROUP BY clause and contains nonaggregated column 'squill_app.address.id' which is not functionally dependent on columns in GROUP BY clause; this is incompatible with sql_mode=only_full_group_by
ERROR - 2022-10-19 23:51:28 --> Expression #2 of SELECT list is not in GROUP BY clause and contains nonaggregated column 'squill_app.booking.users_id' which is not functionally dependent on columns in GROUP BY clause; this is incompatible with sql_mode=only_full_group_by
ERROR - 2022-10-19 23:51:28 --> Expression #1 of SELECT list is not in GROUP BY clause and contains nonaggregated column 'squill_app.address.id' which is not functionally dependent on columns in GROUP BY clause; this is incompatible with sql_mode=only_full_group_by
ERROR - 2022-10-19 23:51:29 --> Expression #4 of SELECT list is not in GROUP BY clause and contains nonaggregated column 'squill_app.users.fcm_token' which is not functionally dependent on columns in GROUP BY clause; this is incompatible with sql_mode=only_full_group_by
ERROR - 2022-10-19 23:51:29 --> Expression #1 of SELECT list is not in GROUP BY clause and contains nonaggregated column 'squill_app.address.id' which is not functionally dependent on columns in GROUP BY clause; this is incompatible with sql_mode=only_full_group_by
ERROR - 2022-10-19 23:51:29 --> Expression #1 of SELECT list is not in GROUP BY clause and contains nonaggregated column 'squill_app.sp_location.city' which is not functionally dependent on columns in GROUP BY clause; this is incompatible with sql_mode=only_full_group_by
ERROR - 2022-10-19 23:51:31 --> Expression #1 of SELECT list is not in GROUP BY clause and contains nonaggregated column 'squill_app.address.id' which is not functionally dependent on columns in GROUP BY clause; this is incompatible with sql_mode=only_full_group_by
ERROR - 2022-10-19 23:51:31 --> Expression #1 of SELECT list is not in GROUP BY clause and contains nonaggregated column 'squill_app.address.id' which is not functionally dependent on columns in GROUP BY clause; this is incompatible with sql_mode=only_full_group_by
ERROR - 2022-10-19 23:56:54 --> Cannot add or update a child row: a foreign key constraint fails (`squill_app`.`sp_profession`, CONSTRAINT `fk_sp_profession_users_id` FOREIGN KEY (`users_id`) REFERENCES `user_details` (`id`))
INFO - 2022-10-19 23:59:18 --> Used the default controller.
